#
# A fatal error has been detected by the Java Runtime Environment:
#
#  Internal Error (jvmciRuntime.cpp:1609), pid=22, tid=36
#  fatal error: Fatal exception in JVMCI: HotSpotJVMCIRuntime.encodeThrowable should not throw an exception
#
# JRE version: OpenJDK Runtime Environment GraalVM CE 22.3.0 (17.0.5+8) (build 17.0.5+8-jvmci-22.3-b08)
# Java VM: OpenJDK 64-Bit Server VM GraalVM CE 22.3.0 (17.0.5+8-jvmci-22.3-b08, mixed mode, sharing, tiered, jvmci, jvmci compiler, compressed oops, compressed class ptrs, parallel gc, linux-amd64)
# Problematic frame:
# V  [libjvm.so+0x972714]  JVMCIRuntime::fatal_exception(JVMCIEnv*, char const*)+0x74
#
# Core dump will be written. Default location: Core dumps may be processed with "/usr/share/apport/apport -p%p -s%s -c%c -d%d -P%P -u%u -g%g -- %E" (or dumping to /home/runner/HelloJava/core.22)
#
# If you would like to submit a bug report, please visit:
#   https://github.com/oracle/graal/issues
#

---------------  S U M M A R Y ------------

Command Line: -XX:ThreadPriorityPolicy=1 -XX:+UnlockExperimentalVMOptions -XX:+EnableJVMCIProduct -XX:JVMCIThreadsPerNativeLibraryRuntime=1 -XX:-UnlockExperimentalVMOptions -Declipse.application=org.eclipse.jdt.ls.core.id1 -Dosgi.bundles.defaultStartLevel=4 -Declipse.product=org.eclipse.jdt.ls.core.product -Dlog.level=ALL -Xverify:none -XX:+UseParallelGC -XX:GCTimeRatio=4 -XX:AdaptiveSizePolicyWeight=90 -Dsun.zip.disableMemoryMapping=true -Xmx512m -Xms100m /nix/store/m6gcpi1ii6rghy04cjwjddcavv7i90df-jdt-language-server-1.9.0/share/java/plugins/org.eclipse.equinox.launcher_1.6.400.v20210924-0641.jar --add-modules=ALL-SYSTEM --add-opens java.base/java.util=ALL-UNNAMED --add-opens java.base/java.lang=ALL-UNNAMED -configuration /home/runner/.cache/jdt-language-server/config -data /home/runner/.cache/jdt-language-server/data/home/runner/HelloJava

Host: AMD EPYC 7B12, 8 cores, 1G, Ubuntu 20.04.2 LTS
Time: Sat Feb 25 19:55:35 2023 UTC elapsed time: 534.954887 seconds (0d 0h 8m 54s)

---------------  T H R E A D  ---------------

Current thread (0x00007fc11c0b2200):  JavaThread "JVMCI-native CompilerThread0" daemon [_thread_in_vm, id=36, stack(0x00007fc120048000,0x00007fc120248000)]


Current CompileTask:
JVMCI-native: 534954 7493 %     4       java.io.DataOutputStream::writeUTF @ 187 (411 bytes)

Stack: [0x00007fc120048000,0x00007fc120248000],  sp=0x00007fc120244ff0,  free space=2035k
Native frames: (J=compiled Java code, j=interpreted, Vv=VM code, C=native code)
V  [libjvm.so+0x972714]  JVMCIRuntime::fatal_exception(JVMCIEnv*, char const*)+0x74
V  [libjvm.so+0x949f19]  ExceptionTranslation::doit(JavaThread*)+0x89
V  [libjvm.so+0x93782f]  JVMCIEnv::~JVMCIEnv()+0x15f
V  [libjvm.so+0x90a909]  c2v_getStackTraceElement(JNIEnv_*, _jobject*, _jobject*, long, int)+0x1c9
C  [libjvmcicompiler.so+0x73e74e]  CompilerToVM_getStackTraceElement_b7a89a4060f8e49b548622ff30f988187a951acb+0xce
C  [libjvmcicompiler.so+0x73e65f]  CompilerToVM_getStackTraceElement_54711dc69349658116e22240ddcd149e0a714a10+0x3f
C  [libjvmcicompiler.so+0x779065]  HotSpotResolvedJavaMethodImpl_asStackTraceElement_025ecbf1b37a91fce22613e52870835cc2ce8b85+0x165
C  [libjvmcicompiler.so+0x7e65c8]  ResolvedJavaMethodBytecode_asStackTraceElement_a8cbe0e4c976ef091fb3eb844d7fd02c9d5f7654+0x38
C  [libjvmcicompiler.so+0xa3a148]  BytecodeParser_throwParserError_33432e3ea288be037be33bc67dc5b6e20559d2f7+0x198
C  [libjvmcicompiler.so+0xa30eea]  BytecodeParser_iterateBytecodesForBlock_b8d5d46f51d55bb4173515fb87841e61b0bdf984+0x13ca
C  [libjvmcicompiler.so+0xa2ae22]  BytecodeParser_handleBytecodeBlock_4c2effa8b96463db18cbd412fa887364e29ba2f8+0x2e2
C  [libjvmcicompiler.so+0xa3524a]  BytecodeParser_processBlock_68ebe699f7b718f568476f391dfcefa62c2782d2+0x27a
C  [libjvmcicompiler.so+0xa0ea5f]  BytecodeParser_build_d4a9a54c4a80e0765d371756a8ec7f8f22ae93de+0x7df
C  [libjvmcicompiler.so+0xa0fb55]  BytecodeParser_buildRootMethod_04f84b001438887d1bcc3b543871092b31f3b430+0x1f5
C  [libjvmcicompiler.so+0xa4ce10]  GraphBuilderPhase$Instance_run_8f1851bced941061acbf52e3c034274bb619489e+0xb0
C  [libjvmcicompiler.so+0xa4d0ed]  GraphBuilderPhase_run_522435ab0b0acba06bd8f713b9d202beaf96ff26+0x18d
C  [libjvmcicompiler.so+0xa4cf23]  GraphBuilderPhase_run_8c0222d3e24d0841e00f944fbc3d887f95ee0fa3+0x43
C  [libjvmcicompiler.so+0xd2eee3]  BasePhase_apply_a7a34a5581cb5bc9dd94a67363b0d35949922111+0x783
C  [libjvmcicompiler.so+0xd362a0]  PhaseSuite_run_2f84da917c48c0b6821adf8a925570cb32c3ed8b+0x1a0
C  [libjvmcicompiler.so+0xd2eee3]  BasePhase_apply_a7a34a5581cb5bc9dd94a67363b0d35949922111+0x783
C  [libjvmcicompiler.so+0xd978fe]  InlineableGraph_parseBytecodes_a0d9d6cb72aec31770b4dba7e8ffe21bb7df494a+0x1ee
C  [libjvmcicompiler.so+0xd973b1]  InlineableGraph_constructor_a8df5ad86becdd9f8f887e9e97718b0b792b09b8+0x301
C  [libjvmcicompiler.so+0xd8eb12]  AbstractInlineInfo_populateInlinableElements_f777d4b3c15ef23074def6f3aef441622cd7a47d+0x112
C  [libjvmcicompiler.so+0xda9604]  InliningData_processNextInvoke_64a9bc47b14b993de0d6226a28df35306f7d5acb+0x164
C  [libjvmcicompiler.so+0xda8c58]  InliningData_moveForward_b7d91350e64dbb1981896e43b64db0b8c05dfe9d+0x2b8
C  [libjvmcicompiler.so+0xd81b0a]  InliningPhase_run_8d564573dbddaf9a8430502820dff164777ea734+0x19a
C  [libjvmcicompiler.so+0xd81933]  InliningPhase_run_0d2d23dda587f4023fadfdcf4bb044a5b9b7e8cd+0x43
C  [libjvmcicompiler.so+0xd2eee3]  BasePhase_apply_a7a34a5581cb5bc9dd94a67363b0d35949922111+0x783
C  [libjvmcicompiler.so+0x89f67e]  BaseTier_run_452c2cb1b8cbe93c2c1e0721e00f05de04a0754a+0x1de
C  [libjvmcicompiler.so+0xd2eee3]  BasePhase_apply_a7a34a5581cb5bc9dd94a67363b0d35949922111+0x783
C  [libjvmcicompiler.so+0x801e84]  GraalCompiler_emitFrontEnd_ca4f472adcd3262192293d187aa8b916d506307f+0x234
C  [libjvmcicompiler.so+0x8014e1]  GraalCompiler_compile_ceb52c95b6a3c674ccaed5facbfe09d5e9f54cc5+0x131
C  [libjvmcicompiler.so+0x801a1d]  GraalCompiler_compileGraph_f280e33c706d40a0afcca65e1d60adc30f56adda+0x19d
C  [libjvmcicompiler.so+0x92e7ca]  HotSpotGraalCompiler_compileHelper_c01bd275b980103513b125f179385a980b92cd51+0x30a
C  [libjvmcicompiler.so+0x92e449]  HotSpotGraalCompiler_compile_7a17b78446595c12eb0579a777f1f7499101fbec+0xf9
C  [libjvmcicompiler.so+0x901ffe]  CompilationTask$HotSpotCompilationWrapper_performCompilation_427b3010ad884e165b85b188dcc115cc72ac542f+0x24e
C  [libjvmcicompiler.so+0x901d87]  CompilationTask$HotSpotCompilationWrapper_performCompilation_26176fc97ea6d28eeb5ead39f5243f562b8f8a7a+0x17
C  [libjvmcicompiler.so+0x8007c4]  CompilationWrapper_run_d730478f4ce8f539b4955ca0a99f3c6f484bea17+0x64
C  [libjvmcicompiler.so+0x903e44]  CompilationTask_runCompilation_b757e01c868ec3e0e8fed71a764850de44da1a1b+0x1c4
C  [libjvmcicompiler.so+0x903a2f]  CompilationTask_runCompilation_d1bd90bb87908e90179175e8d6c5e780d0547ca2+0xdf
C  [libjvmcicompiler.so+0x92f0db]  HotSpotGraalCompiler_compileMethod_0ff35a48b2496422594578a94354f0ef9b35beb7+0x3ab
C  [libjvmcicompiler.so+0x92ec43]  HotSpotGraalCompiler_compileMethod_1d8dfc2fbb5478d3b7400bbb97604e7defc50a57+0xc3
C  [libjvmcicompiler.so+0x92eb57]  HotSpotGraalCompiler_compileMethod_fa2dc57660c63e427b85f2d1f6729a672f5660c9+0x17
C  [libjvmcicompiler.so+0x75f992]  HotSpotJVMCIRuntime_compileMethod_d0551eb00a95b4c222b2a67a9746353d2d54cfa9+0xe2
C  [libjvmcicompiler.so+0x2184ed]  JNIJavaCallWrapperHolder_invoke_933534d18920673463b37187ac6a37fffc051899_d7572e28f4028f5f5b18a826fd2d7af0608204fc+0x1cd
C  [libjvmcicompiler.so+0x207451]  JNIJavaCallVariantWrapperHolder_invokeJJIJIJI_J_VA_LIST_Nonvirtual_6f4000c7b26b332becfc76557b165731801a6b35+0x161
V  [libjvm.so+0x94980a]  JNIEnv_::CallNonvirtualObjectMethod(_jobject*, _jclass*, _jmethodID*, ...)+0x7a
V  [libjvm.so+0x93b25b]  JVMCIEnv::call_HotSpotJVMCIRuntime_compileMethod(JVMCIObject, JVMCIObject, int, long, int)+0x2cb
V  [libjvm.so+0x974a55]  JVMCIRuntime::compile_method(JVMCIEnv*, JVMCICompiler*, methodHandle const&, int)+0x135
V  [libjvm.so+0x5b0d20]  CompileBroker::invoke_compiler_on_method(CompileTask*)+0x1470
V  [libjvm.so+0x5b12e8]  CompileBroker::compiler_thread_loop()+0x528
V  [libjvm.so+0xd82460]  JavaThread::thread_main_inner()+0xd0
V  [libjvm.so+0xd85a40]  Thread::call_run()+0xc0
V  [libjvm.so+0xbdb1e1]  thread_native_entry(Thread*)+0xe1

Register to memory mapping:

RAX=0x00007fc123138000 points into unknown readable memory: 0x0000000000000058 | 58 00 00 00 00 00 00 00
RBX=0x00007fc124233588: <offset 0x0000000000ef5588> in /nix/store/gpxl5qgg8kicmcvivwmybwjlpf7wh20l-graalvm17-ce-22.3.0/lib/server/libjvm.so at 0x00007fc12333e000
RCX=0x00007fc1241eb1e8: <offset 0x0000000000ead1e8> in /nix/store/gpxl5qgg8kicmcvivwmybwjlpf7wh20l-graalvm17-ce-22.3.0/lib/server/libjvm.so at 0x00007fc12333e000
RDX=0x0000000000000649 is an unknown value
RSP=0x00007fc120244ff0 is pointing into the stack for thread: 0x00007fc11c0b2200
RBP=0x00007fc120245010 is pointing into the stack for thread: 0x00007fc11c0b2200
RSI=0x00007fc124233c48: <offset 0x0000000000ef5c48> in /nix/store/gpxl5qgg8kicmcvivwmybwjlpf7wh20l-graalvm17-ce-22.3.0/lib/server/libjvm.so at 0x00007fc12333e000
RDI=0x00000000e0000000 is an oop: [B 
{0x00000000e0000000} - klass: {type array byte}
 - length: 49
R8 =0x00007fc124233588: <offset 0x0000000000ef5588> in /nix/store/gpxl5qgg8kicmcvivwmybwjlpf7wh20l-graalvm17-ce-22.3.0/lib/server/libjvm.so at 0x00007fc12333e000
R9 =0x00007fc120244fa0 is pointing into the stack for thread: 0x00007fc11c0b2200
R10=0x00007fc120247948 is pointing into the stack for thread: 0x00007fc11c0b2200
R11=0x0000000000000293 is an unknown value
R12=0x0 is NULL
R13=0x00007fc11c0b2200 is a thread
R14=0x00007fc11c000b80 points into unknown readable memory: 0x00007fc124464a38 | 38 4a 46 24 c1 7f 00 00
R15=0x00007fc0e00ae9b0 points into unknown readable memory: 0x3d000000bebafeca | ca fe ba be 00 00 00 3d


Registers:
RAX=0x00007fc123138000, RBX=0x00007fc124233588, RCX=0x00007fc1241eb1e8, RDX=0x0000000000000649
RSP=0x00007fc120244ff0, RBP=0x00007fc120245010, RSI=0x00007fc124233c48, RDI=0x00000000e0000000
R8 =0x00007fc124233588, R9 =0x00007fc120244fa0, R10=0x00007fc120247948, R11=0x0000000000000293
R12=0x0000000000000000, R13=0x00007fc11c0b2200, R14=0x00007fc11c000b80, R15=0x00007fc0e00ae9b0
RIP=0x00007fc123cb0714, EFLAGS=0x0000000000010206, CSGSFS=0x002b000000000033, ERR=0x0000000000000006
  TRAPNO=0x000000000000000e

Top of Stack: (sp=0x00007fc120244ff0)
0x00007fc120244ff0:   00007fc11c0b07b0 00007fc1202450a0
0x00007fc120245000:   0000000000000800 00007fc11c0b2200
0x00007fc120245010:   00007fc120245080 00007fc123c87f19
0x00007fc120245020:   0000000800fec8c8 00000000000003d8 

Instructions: (pc=0x00007fc123cb0714)
0x00007fc123cb0614:   30 e8 f6 cf e8 ff 4c 89 e7 e8 2e 48 d1 ff 84 db
0x00007fc123cb0624:   75 2a 4d 85 ed 74 04 4d 8b 6d 00 48 83 c4 08 44
0x00007fc123cb0634:   89 f9 4c 89 f2 4c 89 ee 5b 4c 89 e7 41 5c 41 5d
0x00007fc123cb0644:   41 5e 41 5f 5d e9 e2 47 d1 ff 66 90 48 83 c4 08
0x00007fc123cb0654:   5b 41 5c 41 5d 41 5e 41 5f 5d c3 90 31 d2 be 08
0x00007fc123cb0664:   00 00 00 4c 89 ff e8 b1 78 a3 ff 49 89 c5 e9 37
0x00007fc123cb0674:   ff ff ff 66 0f 1f 84 00 00 00 00 00 48 8b 7a 08
0x00007fc123cb0684:   e9 6d ff ff ff 0f 1f 80 00 00 00 00 e8 5b 48 0a
0x00007fc123cb0694:   00 84 c0 75 89 e9 6a ff ff ff 66 90 55 48 89 e5
0x00007fc123cb06a4:   41 56 41 55 41 54 49 89 fc 53 48 89 f3 66 48 8d
0x00007fc123cb06b4:   3d 27 5e 85 00 66 66 48 e8 df 43 8d ff 4c 8b 28
0x00007fc123cb06c4:   8b 05 be 72 8a 00 85 c0 75 14 ba 01 00 00 00 48
0x00007fc123cb06d4:   8d 0d ae 72 8a 00 f0 0f b1 11 85 c0 74 4e be c8
0x00007fc123cb06e4:   00 00 00 4c 89 ef e8 01 0b 41 00 48 8d 05 12 ac
0x00007fc123cb06f4:   85 00 49 89 d8 48 8d 0d e8 aa 53 00 ba 49 06 00
0x00007fc123cb0704:   00 48 8d 35 3c 35 58 00 bf 00 00 00 e0 48 8b 00
0x00007fc123cb0714:   c6 00 58 31 c0 e8 e2 91 c6 ff 5b 41 5c 41 5d 41
0x00007fc123cb0724:   5e 5d e9 55 34 26 00 0f 1f 44 00 00 48 8d 05 81
0x00007fc123cb0734:   a3 8b 00 48 89 df 4c 8b 30 e8 9e 43 8d ff 48 89
0x00007fc123cb0744:   de 48 89 c2 49 8b 06 4c 89 f7 ff 50 08 4c 89 f7
0x00007fc123cb0754:   e8 a7 5c 27 00 4d 85 e4 74 12 be 01 00 00 00 4c
0x00007fc123cb0764:   89 e7 e8 35 43 fc ff eb 82 0f 1f 00 be 01 00 00
0x00007fc123cb0774:   00 4c 89 ef e8 d3 fd ff ff e9 6d ff ff ff 66 66
0x00007fc123cb0784:   2e 0f 1f 84 00 00 00 00 00 0f 1f 00 55 48 89 e5
0x00007fc123cb0794:   41 57 41 56 41 55 41 54 53 48 81 ec 08 02 00 00
0x00007fc123cb07a4:   64 48 8b 04 25 28 00 00 00 48 89 45 c8 8b 07 83
0x00007fc123cb07b4:   f8 02 0f 84 11 04 00 00 4c 8b 6f 18 49 89 ff 49
0x00007fc123cb07c4:   89 f4 4d 85 ed 74 14 4c 89 ef e8 5d 57 22 00 41
0x00007fc123cb07d4:   8b 07 83 f8 02 0f 84 19 04 00 00 48 8d 1d 9a 06
0x00007fc123cb07e4:   8a 00 4c 8d 35 0b 3c 58 00 eb 38 90 48 85 d2 7f
0x00007fc123cb07f4:   0d 48 8d 05 b4 c0 85 00 48 83 38 00 7e 0e 41 8b
0x00007fc123cb0804:   77 2c 4c 89 f7 31 c0 e8 a0 b2 f7 ff 49 8b 7f 18 


Stack slot to memory mapping:
stack at sp + 0 slots: 0x00007fc11c0b07b0 points into unknown readable memory: 0x0000000700000006 | 06 00 00 00 07 00 00 00
stack at sp + 1 slots: 0x00007fc1202450a0 is pointing into the stack for thread: 0x00007fc11c0b2200
stack at sp + 2 slots: 0x0000000000000800 is an unknown value
stack at sp + 3 slots: 0x00007fc11c0b2200 is a thread
stack at sp + 4 slots: 0x00007fc120245080 is pointing into the stack for thread: 0x00007fc11c0b2200
stack at sp + 5 slots: 0x00007fc123c87f19: <offset 0x0000000000949f19> in /nix/store/gpxl5qgg8kicmcvivwmybwjlpf7wh20l-graalvm17-ce-22.3.0/lib/server/libjvm.so at 0x00007fc12333e000
stack at sp + 6 slots: 0x0000000800fec8c8 is a pointer to class: 
jdk.vm.ci.hotspot.HotSpotJVMCIRuntime {0x0000000800fec8c8}
 - instance size:     14
 - klass size:        71
 - access:            public final synchronized 
 - state:             initialization_error
 - name:              'jdk/vm/ci/hotspot/HotSpotJVMCIRuntime'
 - super:             'java/lang/Object'
 - sub:               
 - arrays:            NULL
 - methods:           Array<T>(0x00007fc0b89d20f8)
 - method ordering:   Array<T>(0x0000000800928960)
 - default_methods:   Array<T>(0x0000000000000000)
 - local interfaces:  Array<T>(0x00007fc0b89d1628)
 - trans. interfaces: Array<T>(0x00007fc0b89d1628)
 - constants:         constant pool [1191] {0x00007fc0b89cec98} for 'jdk/vm/ci/hotspot/HotSpotJVMCIRuntime' cache=0x00007fc0b89d6180
 - class loader data:  loader data: 0x00007fc11c0283f0 of 'bootstrap'
 - source file:       'HotSpotJVMCIRuntime.java'
 - class annotations:       Array<T>(0x0000000000000000)
 - class type annotations:  Array<T>(0x0000000000000000)
 - field annotations:       Array<T>(0x00007fc0b89d1e40)
 - field type annotations:  Array<T>(0x0000000000000000)
 - inner classes:     Array<T>(0x00007fc0b89d60d0)
 - nest members:     Array<T>(0x00007fc0b89d6120)
 - permitted subclasses:     Array<T>(0x00000008005ce7a0)
 - java mirror:       a 'java/lang/Class'{0x00000000f557f6c8} = 'jdk/vm/ci/hotspot/HotSpotJVMCIRuntime'
 - vtable length      5  (start addr: 0x0000000800feca98)
 - itable length      7 (start addr: 0x0000000800fecac0)
 - ---- static fields (3 words):
 - private static volatile 'instance' 'Ljdk/vm/ci/hotspot/HotSpotJVMCIRuntime;' @112 
 - static final 'options' 'Ljava/util/Map;' @116 
 - private static volatile 'cachedHotSpotJVMCIBackendFactories' 'Ljava/util/List;' @120 
 - private static final 'FORCE_TRANSLATE_FAILURE_FILTER_RE' 'Ljava/util/regex/Pattern;' @124 
 - static final synthetic '$assertionsDisabled' 'Z' @128 
 - ---- non-static fields (24 words):
 - private volatile 'creatingCompiler' 'Z' @12 
 - private 'isShutdown' 'Z' @13 
 - private 'javaLangObject' 'Ljdk/vm/ci/hotspot/HotSpotResolvedObjectTypeImpl;' @16 
 - private 'javaLangInvokeMethodHandle' 'Ljdk/vm/ci/hotspot/HotSpotResolvedObjectTypeImpl;' @20 
 - private 'constantCallSiteType' 'Ljdk/vm/ci/hotspot/HotSpotResolvedObjectTypeImpl;' @24 
 - private 'callSiteType' 'Ljdk/vm/ci/hotspot/HotSpotResolvedObjectTypeImpl;' @28 
 - private 'javaLangString' 'Ljdk/vm/ci/hotspot/HotSpotResolvedObjectTypeImpl;' @32 
 - private 'javaLangClass' 'Ljdk/vm/ci/hotspot/HotSpotResolvedObjectTypeImpl;' @36 
 - private 'throwableType' 'Ljdk/vm/ci/hotspot/HotSpotResolvedObjectTypeImpl;' @40 
 - private 'serializableType' 'Ljdk/vm/ci/hotspot/HotSpotResolvedObjectTypeImpl;' @44 
 - private 'cloneableType' 'Ljdk/vm/ci/hotspot/HotSpotResolvedObjectTypeImpl;' @48 
 - private 'enumType' 'Ljdk/vm/ci/hotspot/HotSpotResolvedObjectTypeImpl;' @52 
 - protected final 'compilerToVm' 'Ljdk/vm/ci/hotspot/CompilerToVM;' @56 
 - protected final 'configStore' 'Ljdk/vm/ci/hotspot/HotSpotVMConfigStore;' @60 
 - protected final 'config' 'Ljdk/vm/ci/hotspot/HotSpotVMConfig;' @64 
 - private final 'hostBackend' 'Ljdk/vm/ci/runtime/JVMCIBackend;' @68 
 - private final 'compilerFactory' 'Ljdk/vm/ci/runtime/JVMCICompilerFactory;' @72 
 - private final 'hsCompilerFactory' 'Ljdk/vm/ci/hotspot/HotSpotJVMCICompilerFactory;' @76 
 - private volatile 'compiler' 'Ljdk/vm/ci/runtime/JVMCICompiler;' @80 
 - protected final 'reflection' 'Ljdk/vm/ci/hotspot/HotSpotJVMCIReflection;' @84 
 - private volatile 'resolvedJavaType' 'Ljava/lang/ClassValue;' @88 
 - private 'resolvedJavaTypes' 'Ljava/util/HashMap;' @92 
 - private 'excludeFromJVMCICompilation' '[Ljava/lang/Module;' @96 
 - private final 'backends' 'Ljava/util/Map;' @100 
 - private volatile 'vmEventListeners' 'Ljava/util/List;' @104 
 - non-static oop maps: 16-104 
stack at sp + 7 slots: 0x00000000000003d8 is an unknown value


---------------  P R O C E S S  ---------------

Threads class SMR info:
_java_thread_list=0x00007fc084008530, length=25, elements={
0x00007fc11c026690, 0x00007fc11c0a64d0, 0x00007fc11c0a7910, 0x00007fc11c0ae070,
0x00007fc11c0af420, 0x00007fc11c0b0810, 0x00007fc11c0b2200, 0x00007fc11c0b3710,
0x00007fc11c0b4b60, 0x00007fc11c0dffd0, 0x00007fc11c127730, 0x00007fc11c312d90,
0x00007fc11c345d10, 0x00007fc11c348530, 0x00007fc11c5fdb40, 0x00007fc0b401a740,
0x00007fc0b42a2150, 0x00007fc0b4304770, 0x00007fc0a40010d0, 0x00007fc0b4484540,
0x00007fc0b46de860, 0x00007fc11c470090, 0x00007fc11c373660, 0x00007fc0a4035990,
0x00007fc0bc0031e0
}

Java Threads: ( => current thread )
  0x00007fc11c026690 JavaThread "main" [_thread_blocked, id=28, stack(0x00007fc123159000,0x00007fc123259000)]
  0x00007fc11c0a64d0 JavaThread "Reference Handler" daemon [_thread_blocked, id=31, stack(0x00007fc12092e000,0x00007fc120a2e000)]
  0x00007fc11c0a7910 JavaThread "Finalizer" daemon [_thread_blocked, id=32, stack(0x00007fc12082e000,0x00007fc12092e000)]
  0x00007fc11c0ae070 JavaThread "Signal Dispatcher" daemon [_thread_blocked, id=33, stack(0x00007fc120448000,0x00007fc120548000)]
  0x00007fc11c0af420 JavaThread "Service Thread" daemon [_thread_blocked, id=34, stack(0x00007fc120348000,0x00007fc120448000)]
  0x00007fc11c0b0810 JavaThread "Monitor Deflation Thread" daemon [_thread_blocked, id=35, stack(0x00007fc120248000,0x00007fc120348000)]
=>0x00007fc11c0b2200 JavaThread "JVMCI-native CompilerThread0" daemon [_thread_in_vm, id=36, stack(0x00007fc120048000,0x00007fc120248000)]
  0x00007fc11c0b3710 JavaThread "C1 CompilerThread0" daemon [_thread_blocked, id=37, stack(0x00007fc1032b3000,0x00007fc1034b3000)]
  0x00007fc11c0b4b60 JavaThread "Sweeper thread" daemon [_thread_blocked, id=38, stack(0x00007fc1031b3000,0x00007fc1032b3000)]
  0x00007fc11c0dffd0 JavaThread "Common-Cleaner" daemon [_thread_blocked, id=39, stack(0x00007fc1030b3000,0x00007fc1031b3000)]
  0x00007fc11c127730 JavaThread "Notification Thread" daemon [_thread_blocked, id=40, stack(0x00007fc102fb3000,0x00007fc1030b3000)]
  0x00007fc11c312d90 JavaThread "Active Thread: Equinox Container: 8bab4d53-462e-4ea3-9d34-fe4de2136d96" [_thread_blocked, id=48, stack(0x00007fc102db1000,0x00007fc102eb1000)]
  0x00007fc11c345d10 JavaThread "Framework Event Dispatcher: Equinox Container: 8bab4d53-462e-4ea3-9d34-fe4de2136d96" daemon [_thread_blocked, id=60, stack(0x00007fc100900000,0x00007fc100a00000)]
  0x00007fc11c348530 JavaThread "Start Level: Equinox Container: 8bab4d53-462e-4ea3-9d34-fe4de2136d96" daemon [_thread_blocked, id=61, stack(0x00007fc100700000,0x00007fc100800000)]
  0x00007fc11c5fdb40 JavaThread "Refresh Thread: Equinox Container: 8bab4d53-462e-4ea3-9d34-fe4de2136d96" daemon [_thread_blocked, id=64, stack(0x00007fc100500000,0x00007fc100600000)]
  0x00007fc0b401a740 JavaThread "SCR Component Actor" daemon [_thread_blocked, id=65, stack(0x00007fc100300000,0x00007fc100400000)]
  0x00007fc0b42a2150 JavaThread "Worker-JM" [_thread_blocked, id=81, stack(0x00007fc0cad00000,0x00007fc0cae00000)]
  0x00007fc0b4304770 JavaThread "Worker-0" [_thread_blocked, id=82, stack(0x00007fc0cab00000,0x00007fc0cac00000)]
  0x00007fc0a40010d0 JavaThread "Worker-1: Periodic workspace save." [_thread_blocked, id=83, stack(0x00007fc0ca900000,0x00007fc0caa00000)]
  0x00007fc0b4484540 JavaThread "Java indexing" daemon [_thread_blocked, id=84, stack(0x00007fc0ca700000,0x00007fc0ca800000)]
  0x00007fc0b46de860 JavaThread "Bundle File Closer" daemon [_thread_blocked, id=85, stack(0x00007fc0ca500000,0x00007fc0ca600000)]
  0x00007fc11c470090 JavaThread "pool-3-thread-1" [_thread_blocked, id=86, stack(0x00007fc0ca300000,0x00007fc0ca400000)]
  0x00007fc11c373660 JavaThread "pool-2-thread-1" [_thread_blocked, id=88, stack(0x00007fc0ca000000,0x00007fc0ca100000)]
  0x00007fc0a4035990 JavaThread "Worker-5" [_thread_blocked, id=319, stack(0x00007fc0c9f00000,0x00007fc0ca000000)]
  0x00007fc0bc0031e0 JavaThread "Active Thread: Equinox Container: 8bab4d53-462e-4ea3-9d34-fe4de2136d96" [_thread_blocked, id=529, stack(0x00007fc0ca100000,0x00007fc0ca200000)]

Other Threads:
  0x00007fc11c0a1c10 VMThread "VM Thread" [stack: 0x00007fc120a30000,0x00007fc120b30000] [id=30] _threads_hazard_ptr=0x00007fc084008530
  0x00007fc11c1290d0 WatcherThread [stack: 0x00007fc102eb3000,0x00007fc102fb3000] [id=41]
  0x00007fc11c03df30 GCTaskThread "GC Thread#0" [stack: 0x00007fc122d1c000,0x00007fc122e1c000] [id=29]

Threads with active compile tasks:
JVMCI-native CompilerThread0   535036 7493 %     4       java.io.DataOutputStream::writeUTF @ 187 (411 bytes)

VM state: synchronizing (normal execution)

VM Mutex/Monitor currently owned by a thread:  ([mutex/lock_event])
[0x00007fc11c023840] Threads_lock - owner thread: 0x00007fc11c0a1c10
[0x00007fc11c023ff0] Heap_lock - owner thread: 0x00007fc11c470090

OutOfMemory and StackOverflow Exception counts:
OutOfMemoryError java_heap_errors=19
LinkageErrors=58

Heap address: 0x00000000e0000000, size: 512 MB, Compressed Oops mode: 32-bit

CDS archive(s) mapped at: [0x0000000800000000-0x0000000800bc8000-0x0000000800bc8000), size 12353536, SharedBaseAddress: 0x0000000800000000, ArchiveRelocationMode: 0.
Compressed class space mapped at: 0x0000000800c00000-0x0000000840c00000, reserved size: 1073741824
Narrow klass base: 0x0000000800000000, Narrow klass shift: 0, Narrow klass range: 0x100000000

GC Precious Log:
 CPUs: 8 total, 1 available
 Memory: 1024M
 Large Page Support: Disabled
 NUMA Support: Disabled
 Compressed Oops: Enabled (32-bit)
 Alignments: Space 512K, Generation 512K, Heap 2M
 Heap Min Capacity: 100M
 Heap Initial Capacity: 100M
 Heap Max Capacity: 512M
 Pre-touch: Disabled
 Parallel Workers: 1

Heap:
 PSYoungGen      total 26112K, used 14608K [0x00000000f5580000, 0x00000000f9300000, 0x0000000100000000)
  eden space 10240K, 100% used [0x00000000f5580000,0x00000000f5f80000,0x00000000f5f80000)
  from space 15872K, 27% used [0x00000000f7900000,0x00000000f7d44138,0x00000000f8880000)
  to   space 26112K, 0% used [0x00000000f5f80000,0x00000000f5f80000,0x00000000f7900000)
 ParOldGen       total 349696K, used 349695K [0x00000000e0000000, 0x00000000f5580000, 0x00000000f5580000)
  object space 349696K, 99% used [0x00000000e0000000,0x00000000f557ffe0,0x00000000f5580000)
 Metaspace       used 53869K, committed 54720K, reserved 1097728K
  class space    used 5363K, committed 5696K, reserved 1048576K

Card table byte_map: [0x00007fc122e1c000,0x00007fc122f1d000] _byte_map_base: 0x00007fc12271c000

Marking Bits: (ParMarkBitMap*) 0x00007fc12456c4c0
 Begin Bits: [0x00007fc121c6f000, 0x00007fc12246f000)
 End Bits:   [0x00007fc12246f000, 0x00007fc122c6f000)

Polling page: 0x00007fc123136000

Metaspace:

Usage:
  Non-class:     47.37 MB used.
      Class:      5.24 MB used.
       Both:     52.61 MB used.

Virtual space:
  Non-class space:       48.00 MB reserved,      47.88 MB (>99%) committed,  6 nodes.
      Class space:        1.00 GB reserved,       5.56 MB ( <1%) committed,  1 nodes.
             Both:        1.05 GB reserved,      53.44 MB (  5%) committed. 

Chunk freelists:
   Non-Class:  95.00 KB
       Class:  2.41 MB
        Both:  2.50 MB

MaxMetaspaceSize: unlimited
CompressedClassSpaceSize: 1.00 GB
Initial GC threshold: 21.00 MB
Current GC threshold: 88.88 MB
CDS: on
MetaspaceReclaimPolicy: balanced
 - commit_granule_bytes: 65536.
 - commit_granule_words: 8192.
 - virtual_space_node_default_size: 1048576.
 - enlarge_chunks_in_place: 1.
 - new_chunks_are_fully_committed: 0.
 - uncommit_free_chunks: 1.
 - use_allocation_guard: 0.
 - handle_deallocations: 1.


Internal statistics:

num_allocs_failed_limit: 6.
num_arena_births: 356.
num_arena_deaths: 66.
num_vsnodes_births: 7.
num_vsnodes_deaths: 0.
num_space_committed: 854.
num_space_uncommitted: 0.
num_chunks_returned_to_freelist: 89.
num_chunks_taken_from_freelist: 2376.
num_chunk_merges: 36.
num_chunk_splits: 1546.
num_chunks_enlarged: 993.
num_purges: 2.
num_inconsistent_stats: 0.

CodeHeap 'non-profiled nmethods': size=120036Kb used=2199Kb max_used=2402Kb free=117836Kb
 bounds [0x00007fc10af7a000, 0x00007fc10b1ea000, 0x00007fc1124b3000]
CodeHeap 'profiled nmethods': size=120032Kb used=11207Kb max_used=14089Kb free=108824Kb
 bounds [0x00007fc103a42000, 0x00007fc104812000, 0x00007fc10af7a000]
CodeHeap 'non-nmethods': size=5692Kb used=1366Kb max_used=1392Kb free=4325Kb
 bounds [0x00007fc1034b3000, 0x00007fc103723000, 0x00007fc103a42000]
 total_blobs=6313 nmethods=5614 adapters=612
 compilation: enabled
              stopped_count=0, restarted_count=0
 full_count=0

JVMCI Events (20 events):
Event: 71.057 Thread 0x00007fc11c0b2200 detached from JVMCI runtime 0
Event: 230.322 Thread 0x00007fc11c0b2200 attached to JVMCI runtime 0
Event: 230.323 Thread 0x00007fc11c0b2200 created JavaVM[2]@0x00007fc0c959e340 for JVMCI runtime 0
Event: 230.323 Thread 0x00007fc11c0b2200 initializing JVMCI runtime 0
Event: 230.323 Thread 0x00007fc11c0b2200 done waiting for JavaVM references initialization in JVMCI runtime 0
Event: 277.840 Thread 0x00007fc11c0b2200 initialized JVMCI runtime 0
Event: 282.948 Thread 0x00007fc11c0b2200 compacted oop handles in JVMCI runtime 0 from 43 to 41
Event: 284.496 Thread 0x00007fc11c0b2200 detaching from JVMCI runtime 0: releasing idle compiler thread (0 other threads still attached)
Event: 284.496 Thread 0x00007fc11c0b2200 shutting down HotSpotJVMCIRuntime for JVMCI runtime 0
Event: 284.497 Thread 0x00007fc11c0b2200 shut down JVMCI runtime 0
Event: 284.501 Thread 0x00007fc11c0b2200 destroyed JavaVM[2]@0x00007fc0c959e340 for JVMCI runtime 0
Event: 284.501 Thread 0x00007fc11c0b2200 compacted oop handles in JVMCI runtime 0 from 41 to 41
Event: 284.501 Thread 0x00007fc11c0b2200 releasing handles for JVMCI runtime 0: oop handles=41, metadata handles={total=86, live=75, blocks=37}
Event: 284.501 Thread 0x00007fc11c0b2200 detached from JVMCI runtime 0
Event: 411.097 Thread 0x00007fc11c0b2200 attached to JVMCI runtime 0
Event: 411.099 Thread 0x00007fc11c0b2200 created JavaVM[3]@0x00007fc0c959e340 for JVMCI runtime 0
Event: 412.375 Thread 0x00007fc11c0b2200 initializing JVMCI runtime 0
Event: 412.375 Thread 0x00007fc11c0b2200 done waiting for JavaVM references initialization in JVMCI runtime 0
Event: 449.607 Thread 0x00007fc11c0b2200 initialized JVMCI runtime 0
Event: 455.643 Thread 0x00007fc11c0b2200 compacted oop handles in JVMCI runtime 0 from 62 to 52

Compilation events (20 events):
Event: 329.138 Thread 0x00007fc11c0b3710 nmethod 7482 0x00007fc10406a910 code [0x00007fc10406ab60, 0x00007fc10406b3e0]
Event: 376.859 Thread 0x00007fc11c0b3710 7483       3       org.eclipse.core.internal.dtree.AbstractDataTreeNode::storeStrings (42 bytes)
Event: 376.860 Thread 0x00007fc11c0b3710 nmethod 7483 0x00007fc103b9ce10 code [0x00007fc103b9cfe0, 0x00007fc103b9d4b0]
Event: 376.860 Thread 0x00007fc11c0b3710 7484       3       org.eclipse.core.internal.utils.StringPool::add (59 bytes)
Event: 376.861 Thread 0x00007fc11c0b3710 nmethod 7484 0x00007fc1041a4890 code [0x00007fc1041a4a80, 0x00007fc1041a5450]
Event: 376.861 Thread 0x00007fc11c0b3710 7485       3       org.eclipse.core.internal.resources.ResourceInfo::shareStrings (43 bytes)
Event: 376.861 Thread 0x00007fc11c0b3710 nmethod 7485 0x00007fc103a4ec90 code [0x00007fc103a4ee60, 0x00007fc103a4f0e0]
Event: 376.861 Thread 0x00007fc11c0b3710 7486       3       org.eclipse.core.internal.dtree.DataTreeNode::storeStrings (28 bytes)
Event: 376.861 Thread 0x00007fc11c0b3710 nmethod 7486 0x00007fc103b9f010 code [0x00007fc103b9f1e0, 0x00007fc103b9fa70]
Event: 399.417 Thread 0x00007fc11c0b3710 7487       3       org.eclipse.core.runtime.ProgressMonitorWrapper::internalWorked (11 bytes)
Event: 400.820 Thread 0x00007fc11c0b3710 nmethod 7487 0x00007fc103a94a10 code [0x00007fc103a94bc0, 0x00007fc103a94ee0]
Event: 404.140 Thread 0x00007fc11c0b3710 7490       3       java.io.UnixFileSystem::normalize (131 bytes)
Event: 404.142 Thread 0x00007fc11c0b3710 nmethod 7490 0x00007fc103a68910 code [0x00007fc103a68c60, 0x00007fc103a6a0f0]
Event: 411.097 Thread 0x00007fc11c0b2200 7491       4       org.eclipse.core.runtime.Path::<init> (102 bytes)
Event: 425.408 Thread 0x00007fc11c0b3710 7492       3       org.eclipse.core.internal.preferences.StringPool::add (59 bytes)
Event: 426.644 Thread 0x00007fc11c0b3710 nmethod 7492 0x00007fc104335810 code [0x00007fc104335a00, 0x00007fc1043363d0]
Event: 455.643 Thread 0x00007fc11c0b2200 nmethod 7491 0x00007fc10afa2a10 code [0x00007fc10afa2ba0, 0x00007fc10afa2c50]
Event: 455.643 Thread 0x00007fc11c0b2200 7493 %     4       java.io.DataOutputStream::writeUTF @ 187 (411 bytes)
Event: 475.726 Thread 0x00007fc11c0b3710 7495       3       java.util.concurrent.ThreadPoolExecutor::runStateAtLeast (11 bytes)
Event: 475.726 Thread 0x00007fc11c0b3710 nmethod 7495 0x00007fc103a71690 code [0x00007fc103a71820, 0x00007fc103a71970]

GC Heap History (20 events):
Event: 523.105 GC heap before
{Heap before GC invocations=446 (full 338):
 PSYoungGen      total 26112K, used 14608K [0x00000000f5580000, 0x00000000f9300000, 0x0000000100000000)
  eden space 10240K, 99% used [0x00000000f5580000,0x00000000f5f7fff8,0x00000000f5f80000)
  from space 15872K, 27% used [0x00000000f7900000,0x00000000f7d44138,0x00000000f8880000)
  to   space 26112K, 0% used [0x00000000f5f80000,0x00000000f5f80000,0x00000000f7900000)
 ParOldGen       total 349696K, used 349695K [0x00000000e0000000, 0x00000000f5580000, 0x00000000f5580000)
  object space 349696K, 99% used [0x00000000e0000000,0x00000000f557ff90,0x00000000f5580000)
 Metaspace       used 53869K, committed 54720K, reserved 1097728K
  class space    used 5363K, committed 5696K, reserved 1048576K
}
Event: 524.304 GC heap after
{Heap after GC invocations=446 (full 338):
 PSYoungGen      total 26112K, used 14608K [0x00000000f5580000, 0x00000000f9300000, 0x0000000100000000)
  eden space 10240K, 99% used [0x00000000f5580000,0x00000000f5f7fff8,0x00000000f5f80000)
  from space 15872K, 27% used [0x00000000f7900000,0x00000000f7d44138,0x00000000f8880000)
  to   space 26112K, 0% used [0x00000000f5f80000,0x00000000f5f80000,0x00000000f7900000)
 ParOldGen       total 349696K, used 349695K [0x00000000e0000000, 0x00000000f5580000, 0x00000000f5580000)
  object space 349696K, 99% used [0x00000000e0000000,0x00000000f557ff90,0x00000000f5580000)
 Metaspace       used 53869K, committed 54720K, reserved 1097728K
  class space    used 5363K, committed 5696K, reserved 1048576K
}
Event: 524.304 GC heap before
{Heap before GC invocations=447 (full 339):
 PSYoungGen      total 26112K, used 14608K [0x00000000f5580000, 0x00000000f9300000, 0x0000000100000000)
  eden space 10240K, 99% used [0x00000000f5580000,0x00000000f5f7fff8,0x00000000f5f80000)
  from space 15872K, 27% used [0x00000000f7900000,0x00000000f7d44138,0x00000000f8880000)
  to   space 26112K, 0% used [0x00000000f5f80000,0x00000000f5f80000,0x00000000f7900000)
 ParOldGen       total 349696K, used 349695K [0x00000000e0000000, 0x00000000f5580000, 0x00000000f5580000)
  object space 349696K, 99% used [0x00000000e0000000,0x00000000f557ff90,0x00000000f5580000)
 Metaspace       used 53869K, committed 54720K, reserved 1097728K
  class space    used 5363K, committed 5696K, reserved 1048576K
}
Event: 525.515 GC heap after
{Heap after GC invocations=447 (full 339):
 PSYoungGen      total 26112K, used 14608K [0x00000000f5580000, 0x00000000f9300000, 0x0000000100000000)
  eden space 10240K, 99% used [0x00000000f5580000,0x00000000f5f7fff8,0x00000000f5f80000)
  from space 15872K, 27% used [0x00000000f7900000,0x00000000f7d44138,0x00000000f8880000)
  to   space 26112K, 0% used [0x00000000f5f80000,0x00000000f5f80000,0x00000000f7900000)
 ParOldGen       total 349696K, used 349695K [0x00000000e0000000, 0x00000000f5580000, 0x00000000f5580000)
  object space 349696K, 99% used [0x00000000e0000000,0x00000000f557ff90,0x00000000f5580000)
 Metaspace       used 53869K, committed 54720K, reserved 1097728K
  class space    used 5363K, committed 5696K, reserved 1048576K
}
Event: 525.516 GC heap before
{Heap before GC invocations=448 (full 340):
 PSYoungGen      total 26112K, used 14608K [0x00000000f5580000, 0x00000000f9300000, 0x0000000100000000)
  eden space 10240K, 99% used [0x00000000f5580000,0x00000000f5f7fff8,0x00000000f5f80000)
  from space 15872K, 27% used [0x00000000f7900000,0x00000000f7d44138,0x00000000f8880000)
  to   space 26112K, 0% used [0x00000000f5f80000,0x00000000f5f80000,0x00000000f7900000)
 ParOldGen       total 349696K, used 349695K [0x00000000e0000000, 0x00000000f5580000, 0x00000000f5580000)
  object space 349696K, 99% used [0x00000000e0000000,0x00000000f557ffc8,0x00000000f5580000)
 Metaspace       used 53869K, committed 54720K, reserved 1097728K
  class space    used 5363K, committed 5696K, reserved 1048576K
}
Event: 526.714 GC heap after
{Heap after GC invocations=448 (full 340):
 PSYoungGen      total 26112K, used 14608K [0x00000000f5580000, 0x00000000f9300000, 0x0000000100000000)
  eden space 10240K, 99% used [0x00000000f5580000,0x00000000f5f7fff8,0x00000000f5f80000)
  from space 15872K, 27% used [0x00000000f7900000,0x00000000f7d44138,0x00000000f8880000)
  to   space 26112K, 0% used [0x00000000f5f80000,0x00000000f5f80000,0x00000000f7900000)
 ParOldGen       total 349696K, used 349695K [0x00000000e0000000, 0x00000000f5580000, 0x00000000f5580000)
  object space 349696K, 99% used [0x00000000e0000000,0x00000000f557fe58,0x00000000f5580000)
 Metaspace       used 53869K, committed 54720K, reserved 1097728K
  class space    used 5363K, committed 5696K, reserved 1048576K
}
Event: 526.716 GC heap before
{Heap before GC invocations=449 (full 341):
 PSYoungGen      total 26112K, used 14608K [0x00000000f5580000, 0x00000000f9300000, 0x0000000100000000)
  eden space 10240K, 99% used [0x00000000f5580000,0x00000000f5f7fff8,0x00000000f5f80000)
  from space 15872K, 27% used [0x00000000f7900000,0x00000000f7d44138,0x00000000f8880000)
  to   space 26112K, 0% used [0x00000000f5f80000,0x00000000f5f80000,0x00000000f7900000)
 ParOldGen       total 349696K, used 349695K [0x00000000e0000000, 0x00000000f5580000, 0x00000000f5580000)
  object space 349696K, 99% used [0x00000000e0000000,0x00000000f557fff0,0x00000000f5580000)
 Metaspace       used 53869K, committed 54720K, reserved 1097728K
  class space    used 5363K, committed 5696K, reserved 1048576K
}
Event: 527.861 GC heap after
{Heap after GC invocations=449 (full 341):
 PSYoungGen      total 26112K, used 14608K [0x00000000f5580000, 0x00000000f9300000, 0x0000000100000000)
  eden space 10240K, 99% used [0x00000000f5580000,0x00000000f5f7fff8,0x00000000f5f80000)
  from space 15872K, 27% used [0x00000000f7900000,0x00000000f7d44138,0x00000000f8880000)
  to   space 26112K, 0% used [0x00000000f5f80000,0x00000000f5f80000,0x00000000f7900000)
 ParOldGen       total 349696K, used 349695K [0x00000000e0000000, 0x00000000f5580000, 0x00000000f5580000)
  object space 349696K, 99% used [0x00000000e0000000,0x00000000f557fff0,0x00000000f5580000)
 Metaspace       used 53869K, committed 54720K, reserved 1097728K
  class space    used 5363K, committed 5696K, reserved 1048576K
}
Event: 527.862 GC heap before
{Heap before GC invocations=450 (full 342):
 PSYoungGen      total 26112K, used 14608K [0x00000000f5580000, 0x00000000f9300000, 0x0000000100000000)
  eden space 10240K, 99% used [0x00000000f5580000,0x00000000f5f7fff8,0x00000000f5f80000)
  from space 15872K, 27% used [0x00000000f7900000,0x00000000f7d44138,0x00000000f8880000)
  to   space 26112K, 0% used [0x00000000f5f80000,0x00000000f5f80000,0x00000000f7900000)
 ParOldGen       total 349696K, used 349695K [0x00000000e0000000, 0x00000000f5580000, 0x00000000f5580000)
  object space 349696K, 99% used [0x00000000e0000000,0x00000000f557fff0,0x00000000f5580000)
 Metaspace       used 53869K, committed 54720K, reserved 1097728K
  class space    used 5363K, committed 5696K, reserved 1048576K
}
Event: 529.097 GC heap after
{Heap after GC invocations=450 (full 342):
 PSYoungGen      total 26112K, used 14608K [0x00000000f5580000, 0x00000000f9300000, 0x0000000100000000)
  eden space 10240K, 99% used [0x00000000f5580000,0x00000000f5f7fff8,0x00000000f5f80000)
  from space 15872K, 27% used [0x00000000f7900000,0x00000000f7d44138,0x00000000f8880000)
  to   space 26112K, 0% used [0x00000000f5f80000,0x00000000f5f80000,0x00000000f7900000)
 ParOldGen       total 349696K, used 349695K [0x00000000e0000000, 0x00000000f5580000, 0x00000000f5580000)
  object space 349696K, 99% used [0x00000000e0000000,0x00000000f557fff0,0x00000000f5580000)
 Metaspace       used 53869K, committed 54720K, reserved 1097728K
  class space    used 5363K, committed 5696K, reserved 1048576K
}
Event: 529.098 GC heap before
{Heap before GC invocations=451 (full 343):
 PSYoungGen      total 26112K, used 14608K [0x00000000f5580000, 0x00000000f9300000, 0x0000000100000000)
  eden space 10240K, 99% used [0x00000000f5580000,0x00000000f5f7fff8,0x00000000f5f80000)
  from space 15872K, 27% used [0x00000000f7900000,0x00000000f7d44138,0x00000000f8880000)
  to   space 26112K, 0% used [0x00000000f5f80000,0x00000000f5f80000,0x00000000f7900000)
 ParOldGen       total 349696K, used 349695K [0x00000000e0000000, 0x00000000f5580000, 0x00000000f5580000)
  object space 349696K, 99% used [0x00000000e0000000,0x00000000f557fff0,0x00000000f5580000)
 Metaspace       used 53869K, committed 54720K, reserved 1097728K
  class space    used 5363K, committed 5696K, reserved 1048576K
}
Event: 530.260 GC heap after
{Heap after GC invocations=451 (full 343):
 PSYoungGen      total 26112K, used 14608K [0x00000000f5580000, 0x00000000f9300000, 0x0000000100000000)
  eden space 10240K, 99% used [0x00000000f5580000,0x00000000f5f7fff8,0x00000000f5f80000)
  from space 15872K, 27% used [0x00000000f7900000,0x00000000f7d44138,0x00000000f8880000)
  to   space 26112K, 0% used [0x00000000f5f80000,0x00000000f5f80000,0x00000000f7900000)
 ParOldGen       total 349696K, used 349695K [0x00000000e0000000, 0x00000000f5580000, 0x00000000f5580000)
  object space 349696K, 99% used [0x00000000e0000000,0x00000000f557fe58,0x00000000f5580000)
 Metaspace       used 53869K, committed 54720K, reserved 1097728K
  class space    used 5363K, committed 5696K, reserved 1048576K
}
Event: 530.260 GC heap before
{Heap before GC invocations=452 (full 344):
 PSYoungGen      total 26112K, used 14608K [0x00000000f5580000, 0x00000000f9300000, 0x0000000100000000)
  eden space 10240K, 99% used [0x00000000f5580000,0x00000000f5f7fff8,0x00000000f5f80000)
  from space 15872K, 27% used [0x00000000f7900000,0x00000000f7d44138,0x00000000f8880000)
  to   space 26112K, 0% used [0x00000000f5f80000,0x00000000f5f80000,0x00000000f7900000)
 ParOldGen       total 349696K, used 349695K [0x00000000e0000000, 0x00000000f5580000, 0x00000000f5580000)
  object space 349696K, 99% used [0x00000000e0000000,0x00000000f557fff8,0x00000000f5580000)
 Metaspace       used 53869K, committed 54720K, reserved 1097728K
  class space    used 5363K, committed 5696K, reserved 1048576K
}
Event: 531.431 GC heap after
{Heap after GC invocations=452 (full 344):
 PSYoungGen      total 26112K, used 14608K [0x00000000f5580000, 0x00000000f9300000, 0x0000000100000000)
  eden space 10240K, 99% used [0x00000000f5580000,0x00000000f5f7ffa8,0x00000000f5f80000)
  from space 15872K, 27% used [0x00000000f7900000,0x00000000f7d44138,0x00000000f8880000)
  to   space 26112K, 0% used [0x00000000f5f80000,0x00000000f5f80000,0x00000000f7900000)
 ParOldGen       total 349696K, used 349694K [0x00000000e0000000, 0x00000000f5580000, 0x00000000f5580000)
  object space 349696K, 99% used [0x00000000e0000000,0x00000000f557f910,0x00000000f5580000)
 Metaspace       used 53869K, committed 54720K, reserved 1097728K
  class space    used 5363K, committed 5696K, reserved 1048576K
}
Event: 531.431 GC heap before
{Heap before GC invocations=453 (full 345):
 PSYoungGen      total 26112K, used 14608K [0x00000000f5580000, 0x00000000f9300000, 0x0000000100000000)
  eden space 10240K, 100% used [0x00000000f5580000,0x00000000f5f80000,0x00000000f5f80000)
  from space 15872K, 27% used [0x00000000f7900000,0x00000000f7d44138,0x00000000f8880000)
  to   space 26112K, 0% used [0x00000000f5f80000,0x00000000f5f80000,0x00000000f7900000)
 ParOldGen       total 349696K, used 349696K [0x00000000e0000000, 0x00000000f5580000, 0x00000000f5580000)
  object space 349696K, 100% used [0x00000000e0000000,0x00000000f5580000,0x00000000f5580000)
 Metaspace       used 53869K, committed 54720K, reserved 1097728K
  class space    used 5363K, committed 5696K, reserved 1048576K
}
Event: 532.598 GC heap after
{Heap after GC invocations=453 (full 345):
 PSYoungGen      total 26112K, used 14608K [0x00000000f5580000, 0x00000000f9300000, 0x0000000100000000)
  eden space 10240K, 100% used [0x00000000f5580000,0x00000000f5f80000,0x00000000f5f80000)
  from space 15872K, 27% used [0x00000000f7900000,0x00000000f7d44138,0x00000000f8880000)
  to   space 26112K, 0% used [0x00000000f5f80000,0x00000000f5f80000,0x00000000f7900000)
 ParOldGen       total 349696K, used 349695K [0x00000000e0000000, 0x00000000f5580000, 0x00000000f5580000)
  object space 349696K, 99% used [0x00000000e0000000,0x00000000f557ff58,0x00000000f5580000)
 Metaspace       used 53869K, committed 54720K, reserved 1097728K
  class space    used 5363K, committed 5696K, reserved 1048576K
}
Event: 532.598 GC heap before
{Heap before GC invocations=454 (full 346):
 PSYoungGen      total 26112K, used 14608K [0x00000000f5580000, 0x00000000f9300000, 0x0000000100000000)
  eden space 10240K, 100% used [0x00000000f5580000,0x00000000f5f80000,0x00000000f5f80000)
  from space 15872K, 27% used [0x00000000f7900000,0x00000000f7d44138,0x00000000f8880000)
  to   space 26112K, 0% used [0x00000000f5f80000,0x00000000f5f80000,0x00000000f7900000)
 ParOldGen       total 349696K, used 349695K [0x00000000e0000000, 0x00000000f5580000, 0x00000000f5580000)
  object space 349696K, 99% used [0x00000000e0000000,0x00000000f557ffe0,0x00000000f5580000)
 Metaspace       used 53869K, committed 54720K, reserved 1097728K
  class space    used 5363K, committed 5696K, reserved 1048576K
}
Event: 533.728 GC heap after
{Heap after GC invocations=454 (full 346):
 PSYoungGen      total 26112K, used 14608K [0x00000000f5580000, 0x00000000f9300000, 0x0000000100000000)
  eden space 10240K, 100% used [0x00000000f5580000,0x00000000f5f80000,0x00000000f5f80000)
  from space 15872K, 27% used [0x00000000f7900000,0x00000000f7d44138,0x00000000f8880000)
  to   space 26112K, 0% used [0x00000000f5f80000,0x00000000f5f80000,0x00000000f7900000)
 ParOldGen       total 349696K, used 349695K [0x00000000e0000000, 0x00000000f5580000, 0x00000000f5580000)
  object space 349696K, 99% used [0x00000000e0000000,0x00000000f557ffe0,0x00000000f5580000)
 Metaspace       used 53869K, committed 54720K, reserved 1097728K
  class space    used 5363K, committed 5696K, reserved 1048576K
}
Event: 533.728 GC heap before
{Heap before GC invocations=455 (full 347):
 PSYoungGen      total 26112K, used 14608K [0x00000000f5580000, 0x00000000f9300000, 0x0000000100000000)
  eden space 10240K, 100% used [0x00000000f5580000,0x00000000f5f80000,0x00000000f5f80000)
  from space 15872K, 27% used [0x00000000f7900000,0x00000000f7d44138,0x00000000f8880000)
  to   space 26112K, 0% used [0x00000000f5f80000,0x00000000f5f80000,0x00000000f7900000)
 ParOldGen       total 349696K, used 349695K [0x00000000e0000000, 0x00000000f5580000, 0x00000000f5580000)
  object space 349696K, 99% used [0x00000000e0000000,0x00000000f557ffe0,0x00000000f5580000)
 Metaspace       used 53869K, committed 54720K, reserved 1097728K
  class space    used 5363K, committed 5696K, reserved 1048576K
}
Event: 534.948 GC heap after
{Heap after GC invocations=455 (full 347):
 PSYoungGen      total 26112K, used 14608K [0x00000000f5580000, 0x00000000f9300000, 0x0000000100000000)
  eden space 10240K, 100% used [0x00000000f5580000,0x00000000f5f80000,0x00000000f5f80000)
  from space 15872K, 27% used [0x00000000f7900000,0x00000000f7d44138,0x00000000f8880000)
  to   space 26112K, 0% used [0x00000000f5f80000,0x00000000f5f80000,0x00000000f7900000)
 ParOldGen       total 349696K, used 349695K [0x00000000e0000000, 0x00000000f5580000, 0x00000000f5580000)
  object space 349696K, 99% used [0x00000000e0000000,0x00000000f557ffe0,0x00000000f5580000)
 Metaspace       used 53869K, committed 54720K, reserved 1097728K
  class space    used 5363K, committed 5696K, reserved 1048576K
}

Dll operation events (9 events):
Event: 0.002 Loaded shared library /nix/store/gpxl5qgg8kicmcvivwmybwjlpf7wh20l-graalvm17-ce-22.3.0/lib/libjava.so
Event: 0.027 Loaded shared library /nix/store/gpxl5qgg8kicmcvivwmybwjlpf7wh20l-graalvm17-ce-22.3.0/lib/libjsvml.so
Event: 0.433 Loaded shared library /nix/store/gpxl5qgg8kicmcvivwmybwjlpf7wh20l-graalvm17-ce-22.3.0/lib/libnio.so
Event: 0.454 Loaded shared library /nix/store/gpxl5qgg8kicmcvivwmybwjlpf7wh20l-graalvm17-ce-22.3.0/lib/libzip.so
Event: 0.459 Loaded shared library /nix/store/gpxl5qgg8kicmcvivwmybwjlpf7wh20l-graalvm17-ce-22.3.0/lib/libjvmcicompiler.so
Event: 1.029 Loaded shared library /nix/store/gpxl5qgg8kicmcvivwmybwjlpf7wh20l-graalvm17-ce-22.3.0/lib/libjimage.so
Event: 1.816 Loaded shared library /nix/store/gpxl5qgg8kicmcvivwmybwjlpf7wh20l-graalvm17-ce-22.3.0/lib/libnet.so
Event: 6.734 Loaded shared library /home/runner/.cache/jdt-language-server/config/org.eclipse.equinox.launcher/org.eclipse.equinox.launcher.gtk.linux.x86_64_1.2.400.v20211117-0650/eclipse_11600.so
Event: 19.806 Loaded shared library /nix/store/gpxl5qgg8kicmcvivwmybwjlpf7wh20l-graalvm17-ce-22.3.0/lib/libextnet.so

Deoptimization events (20 events):
Event: 69.128 Thread 0x00007fc0b4484540 DEOPT PACKING pc=0x00007fc103c9c585 sp=0x00007fc0ca7fe530
Event: 69.128 Thread 0x00007fc0b4484540 DEOPT UNPACKING pc=0x00007fc103505325 sp=0x00007fc0ca7fda20 mode 0
Event: 69.196 Thread 0x00007fc0b4484540 DEOPT PACKING pc=0x00007fc103c9c585 sp=0x00007fc0ca7fe530
Event: 69.196 Thread 0x00007fc0b4484540 DEOPT UNPACKING pc=0x00007fc103505325 sp=0x00007fc0ca7fda20 mode 0
Event: 69.216 Thread 0x00007fc0b4484540 DEOPT PACKING pc=0x00007fc103c9c585 sp=0x00007fc0ca7fe530
Event: 69.216 Thread 0x00007fc0b4484540 DEOPT UNPACKING pc=0x00007fc103505325 sp=0x00007fc0ca7fda20 mode 0
Event: 472.851 Thread 0x00007fc0a40010d0 Uncommon trap: trap_request=0xffffff8f fr.pc=0x00007fc10b101156 relative=0x0000000000000976
Event: 472.852 Thread 0x00007fc0a40010d0 Uncommon trap: reason=constraint action=none pc=0x00007fc10b101156 method=java.util.HashMap.putVal(ILjava/lang/Object;Ljava/lang/Object;ZZ)Ljava/lang/Object; @ 29 jvmci
Event: 472.852 Thread 0x00007fc0a40010d0 DEOPT PACKING pc=0x00007fc10b101156 sp=0x00007fc0ca9fdfe0
Event: 472.852 Thread 0x00007fc0a40010d0 DEOPT UNPACKING pc=0x00007fc103505325 sp=0x00007fc0ca9fd480 mode 3
Event: 482.349 Thread 0x00007fc0b4484540 Uncommon trap: trap_request=0xffffff8f fr.pc=0x00007fc10b17b9e4 relative=0x0000000000001224
Event: 482.349 Thread 0x00007fc0b4484540 Uncommon trap: reason=constraint action=none pc=0x00007fc10b17b9e4 method=org.eclipse.jdt.internal.core.index.DiskIndex.copyQueryResults(Lorg/eclipse/jdt/internal/compiler/util/HashtableOfObject;I)V @ 123 jvmci
Event: 482.349 Thread 0x00007fc0b4484540 DEOPT PACKING pc=0x00007fc10b17b9e4 sp=0x00007fc0ca7fe530
Event: 482.349 Thread 0x00007fc0b4484540 DEOPT UNPACKING pc=0x00007fc103505325 sp=0x00007fc0ca7fda28 mode 3
Event: 497.810 Thread 0x00007fc0a40010d0 Uncommon trap: trap_request=0xffffff8f fr.pc=0x00007fc10af9196e relative=0x00000000000000ce
Event: 497.810 Thread 0x00007fc0a40010d0 Uncommon trap: reason=constraint action=none pc=0x00007fc10af9196e method=java.util.HashMap.newNode(ILjava/lang/Object;Ljava/lang/Object;Ljava/util/HashMap$Node;)Ljava/util/HashMap$Node; @ 0 jvmci
Event: 497.810 Thread 0x00007fc0a40010d0 DEOPT PACKING pc=0x00007fc10af9196e sp=0x00007fc0ca9fdf40
Event: 497.810 Thread 0x00007fc0a40010d0 DEOPT UNPACKING pc=0x00007fc103505325 sp=0x00007fc0ca9fd3e8 mode 3
Event: 518.238 Thread 0x00007fc11c373660 DEOPT PACKING pc=0x00007fc10b06e220 sp=0x00007fc0ca0fd880
Event: 518.238 Thread 0x00007fc11c373660 DEOPT UNPACKING pc=0x00007fc103505325 sp=0x00007fc0ca0fcc58 mode 1

Classes unloaded (20 events):
Event: 76.647 Thread 0x00007fc11c0a1c10 Unloading class 0x0000000800ee8000 'jdk/internal/reflect/GeneratedConstructorAccessor8'
Event: 76.647 Thread 0x00007fc11c0a1c10 Unloading class 0x0000000800d99000 'java/lang/invoke/LambdaForm$MH+0x0000000800d99000'
Event: 76.647 Thread 0x00007fc11c0a1c10 Unloading class 0x0000000800d98c00 'java/lang/invoke/LambdaForm$MH+0x0000000800d98c00'
Event: 76.647 Thread 0x00007fc11c0a1c10 Unloading class 0x0000000800d98800 'java/lang/invoke/LambdaForm$MH+0x0000000800d98800'
Event: 76.647 Thread 0x00007fc11c0a1c10 Unloading class 0x0000000800d98400 'java/lang/invoke/LambdaForm$MH+0x0000000800d98400'
Event: 76.647 Thread 0x00007fc11c0a1c10 Unloading class 0x0000000800d98000 'jdk/internal/reflect/GeneratedConstructorAccessor3'
Event: 76.647 Thread 0x00007fc11c0a1c10 Unloading class 0x0000000800d06800 'java/lang/invoke/LambdaForm$MH+0x0000000800d06800'
Event: 76.647 Thread 0x00007fc11c0a1c10 Unloading class 0x0000000800d06000 'java/lang/invoke/LambdaForm$MH+0x0000000800d06000'
Event: 76.647 Thread 0x00007fc11c0a1c10 Unloading class 0x0000000800d05c00 'java/lang/invoke/LambdaForm$MH+0x0000000800d05c00'
Event: 76.647 Thread 0x00007fc11c0a1c10 Unloading class 0x0000000800d05800 'java/lang/invoke/LambdaForm$MH+0x0000000800d05800'
Event: 76.647 Thread 0x00007fc11c0a1c10 Unloading class 0x0000000800d05000 'java/lang/invoke/LambdaForm$MH+0x0000000800d05000'
Event: 76.647 Thread 0x00007fc11c0a1c10 Unloading class 0x0000000800d04c00 'java/lang/invoke/LambdaForm$MH+0x0000000800d04c00'
Event: 76.647 Thread 0x00007fc11c0a1c10 Unloading class 0x0000000800d04800 'java/lang/invoke/LambdaForm$MH+0x0000000800d04800'
Event: 76.647 Thread 0x00007fc11c0a1c10 Unloading class 0x0000000800d04000 'java/lang/invoke/LambdaForm$MH+0x0000000800d04000'
Event: 76.647 Thread 0x00007fc11c0a1c10 Unloading class 0x0000000800c1d000 'jdk/internal/reflect/GeneratedMethodAccessor5'
Event: 76.647 Thread 0x00007fc11c0a1c10 Unloading class 0x0000000800c1cc00 'jdk/internal/reflect/GeneratedMethodAccessor4'
Event: 76.647 Thread 0x00007fc11c0a1c10 Unloading class 0x0000000800c1c800 'jdk/internal/reflect/GeneratedMethodAccessor3'
Event: 76.647 Thread 0x00007fc11c0a1c10 Unloading class 0x0000000800c1c400 'jdk/internal/reflect/GeneratedMethodAccessor2'
Event: 76.647 Thread 0x00007fc11c0a1c10 Unloading class 0x0000000800c1c000 'jdk/internal/reflect/GeneratedMethodAccessor1'
Event: 76.647 Thread 0x00007fc11c0a1c10 Unloading class 0x0000000800c01c00 'java/lang/invoke/LambdaForm$DMH+0x0000000800c01c00'

Classes redefined (0 events):
No events

Internal exceptions (20 events):
Event: 482.349 Thread 0x00007fc0b4484540 Exception <a 'java/lang/OutOfMemoryError'{0x00000000e0010018}> (0x00000000e0010018) 
thrown [src/hotspot/share/gc/shared/memAllocator.cpp, line 138]
Event: 482.349 Thread 0x00007fc0b4484540 Implicit null exception at 0x00007fc10b17b449 to 0x00007fc10b17b9c9
Event: 484.845 Thread 0x00007fc11c0b2200 Exception <a 'java/lang/OutOfMemoryError'{0x00000000e0010338}> (0x00000000e0010338) 
thrown [src/hotspot/share/gc/shared/memAllocator.cpp, line 136]
Event: 487.538 Thread 0x00007fc08c168150 Exception <a 'java/lang/OutOfMemoryError'{0x00000000e0010338}> (0x00000000e0010338) 
thrown [src/hotspot/share/gc/shared/memAllocator.cpp, line 136]
Event: 489.838 Thread 0x00007fc11c470090 Exception <a 'java/lang/OutOfMemoryError'{0x00000000e0010338}> (0x00000000e0010338) 
thrown [src/hotspot/share/gc/shared/memAllocator.cpp, line 136]
Event: 492.031 Thread 0x00007fc11c312d90 Exception <a 'java/lang/OutOfMemoryError'{0x00000000e0010338}> (0x00000000e0010338) 
thrown [src/hotspot/share/gc/shared/memAllocator.cpp, line 136]
Event: 497.810 Thread 0x00007fc0a40010d0 Exception <a 'java/lang/OutOfMemoryError'{0x00000000e0010018}> (0x00000000e0010018) 
thrown [src/hotspot/share/gc/shared/memAllocator.cpp, line 138]
Event: 497.810 Thread 0x00007fc0a40010d0 Implicit null exception at 0x00007fc10af9194f to 0x00007fc10af91953
Event: 499.933 Thread 0x00007fc11c470090 Exception <a 'java/lang/OutOfMemoryError'{0x00000000e0010338}> (0x00000000e0010338) 
thrown [src/hotspot/share/gc/shared/memAllocator.cpp, line 136]
Event: 502.217 Thread 0x00007fc11c0b2200 Exception <a 'java/lang/OutOfMemoryError'{0x00000000e0010338}> (0x00000000e0010338) 
thrown [src/hotspot/share/gc/shared/memAllocator.cpp, line 136]
Event: 504.424 Thread 0x00007fc0b4304770 Exception <a 'java/lang/OutOfMemoryError'{0x00000000e0010338}> (0x00000000e0010338) 
thrown [src/hotspot/share/gc/shared/memAllocator.cpp, line 136]
Event: 506.731 Thread 0x00007fc08c168150 Exception <a 'java/lang/OutOfMemoryError'{0x00000000e0010338}> (0x00000000e0010338) 
thrown [src/hotspot/share/gc/shared/memAllocator.cpp, line 136]
Event: 511.425 Thread 0x00007fc11c373660 Exception <a 'java/lang/OutOfMemoryError'{0x00000000e0010338}> (0x00000000e0010338) 
thrown [src/hotspot/share/gc/shared/memAllocator.cpp, line 136]
Event: 511.425 Thread 0x00007fc11c373660 Exception <a 'java/lang/OutOfMemoryError'{0x00000000e0010338}> (0x00000000e0010338) 
thrown [src/hotspot/share/oops/instanceKlass.cpp, line 1166]
Event: 518.238 Thread 0x00007fc11c373660 Exception <a 'java/lang/OutOfMemoryError'{0x00000000e0010068}> (0x00000000e0010068) 
thrown [src/hotspot/share/gc/shared/memAllocator.cpp, line 136]
Event: 525.516 Thread 0x00007fc08c168150 Exception <a 'java/lang/OutOfMemoryError'{0x00000000e0010068}> (0x00000000e0010068) 
thrown [src/hotspot/share/gc/shared/memAllocator.cpp, line 136]
Event: 525.516 Thread 0x00007fc08c168150 Exception <a 'java/lang/NoClassDefFoundError'{0x00000000f557fe60}: Could not initialize class java.util.logging.LogRecord> (0x00000000f557fe60) 
thrown [src/hotspot/share/oops/instanceKlass.cpp, line 1079]
Event: 529.097 Thread 0x00007fc08c168150 Exception <a 'java/lang/OutOfMemoryError'{0x00000000e0010068}> (0x00000000e0010068) 
thrown [src/hotspot/share/gc/shared/memAllocator.cpp, line 136]
Event: 534.948 Thread 0x00007fc11c0b2200 Exception <a 'java/lang/OutOfMemoryError'{0x00000000e0010068}> (0x00000000e0010068) 
thrown [src/hotspot/share/gc/shared/memAllocator.cpp, line 136]
Event: 534.948 Thread 0x00007fc11c0b2200 Exception <a 'java/lang/OutOfMemoryError'{0x00000000e0010068}> (0x00000000e0010068) 
thrown [src/hotspot/share/oops/instanceKlass.cpp, line 1166]

VM Operations (20 events):
Event: 519.499 Executing VM operation: ParallelGCFailedAllocation
Event: 520.708 Executing VM operation: ParallelGCFailedAllocation done
Event: 520.709 Executing VM operation: ParallelGCFailedAllocation
Event: 521.907 Executing VM operation: ParallelGCFailedAllocation done
Event: 521.908 Executing VM operation: ParallelGCFailedAllocation
Event: 523.098 Executing VM operation: ParallelGCFailedAllocation done
Event: 523.098 Executing VM operation: ParallelGCFailedAllocation
Event: 525.515 Executing VM operation: ParallelGCFailedAllocation done
Event: 525.516 Executing VM operation: ParallelGCFailedAllocation
Event: 526.714 Executing VM operation: ParallelGCFailedAllocation done
Event: 526.714 Executing VM operation: ParallelGCFailedAllocation
Event: 529.097 Executing VM operation: ParallelGCFailedAllocation done
Event: 529.097 Executing VM operation: ParallelGCFailedAllocation
Event: 530.260 Executing VM operation: ParallelGCFailedAllocation done
Event: 530.260 Executing VM operation: ParallelGCFailedAllocation
Event: 531.431 Executing VM operation: ParallelGCFailedAllocation done
Event: 531.431 Executing VM operation: ParallelGCFailedAllocation
Event: 532.598 Executing VM operation: ParallelGCFailedAllocation done
Event: 532.598 Executing VM operation: ParallelGCFailedAllocation
Event: 534.948 Executing VM operation: ParallelGCFailedAllocation done

Events (20 events):
Event: 317.447 Protecting memory [0x00007fc0c9f00000,0x00007fc0c9f04000] with protection modes 0
Event: 392.354 Thread 0x00007fc08c168150 Thread added: 0x00007fc08c168150
Event: 392.354 Protecting memory [0x00007fc0c9d00000,0x00007fc0c9d04000] with protection modes 0
Event: 445.164 loading class java/util/concurrent/CompletionException
Event: 445.164 loading class java/util/concurrent/CompletionException done
Event: 446.347 loading class java/util/logging/LogRecord
Event: 452.804 loading class java/util/logging/LogRecord done
Event: 484.845 loading class jdk/vm/ci/hotspot/HotSpotJVMCIRuntime
Event: 484.846 loading class jdk/vm/ci/runtime/JVMCIRuntime
Event: 502.217 loading class jdk/vm/ci/runtime/JVMCIRuntime done
Event: 502.217 loading class jdk/vm/ci/hotspot/HotSpotJVMCIRuntime done
Event: 512.594 Thread 0x00007fc0bc0031e0 Thread added: 0x00007fc0bc0031e0
Event: 512.594 Protecting memory [0x00007fc0ca100000,0x00007fc0ca104000] with protection modes 0
Event: 518.238 loading class jdk/vm/ci/hotspot/HotSpotJVMCIRuntime
Event: 518.239 loading class jdk/vm/ci/runtime/JVMCIRuntime
Event: 519.499 loading class java/util/concurrent/CancellationException
Event: 521.907 loading class jdk/vm/ci/runtime/JVMCIRuntime done
Event: 521.908 loading class jdk/vm/ci/hotspot/HotSpotJVMCIRuntime done
Event: 521.908 loading class java/util/concurrent/CancellationException done
Event: 530.260 Thread 0x00007fc08c168150 Thread exited: 0x00007fc08c168150


Dynamic libraries:
e0000000-f5580000 rw-p 00000000 00:00 0 
f5580000-f9300000 rw-p 00000000 00:00 0 
f9300000-100000000 ---p 00000000 00:00 0 
800000000-800449000 rw-p 00001000 00:1b37 4611686019135357769            /nix/store/gpxl5qgg8kicmcvivwmybwjlpf7wh20l-graalvm17-ce-22.3.0/lib/server/classes.jsa
800449000-800bc8000 r--p 0044a000 00:1b37 4611686019135357769            /nix/store/gpxl5qgg8kicmcvivwmybwjlpf7wh20l-graalvm17-ce-22.3.0/lib/server/classes.jsa
800bc8000-800c00000 ---p 00000000 00:00 0 
800c00000-800c20000 rw-p 00000000 00:00 0 
800c20000-800c40000 rw-p 00000000 00:00 0 
800c40000-800cc0000 rw-p 00000000 00:00 0 
800cc0000-800d00000 rw-p 00000000 00:00 0 
800d00000-800dc0000 rw-p 00000000 00:00 0 
800dc0000-800e00000 rw-p 00000000 00:00 0 
800e00000-800f40000 rw-p 00000000 00:00 0 
800f40000-800fc0000 rw-p 00000000 00:00 0 
800fc0000-800ff0000 rw-p 00000000 00:00 0 
800ff0000-801000000 ---p 00000000 00:00 0 
801000000-8011a0000 rw-p 00000000 00:00 0 
8011a0000-840c00000 ---p 00000000 00:00 0 
557575ecf000-557575ed0000 r-xp 00000000 00:1b37 4611686019099417844      /nix/store/gpxl5qgg8kicmcvivwmybwjlpf7wh20l-graalvm17-ce-22.3.0/bin/.java-wrapped
557575ed1000-557575ed2000 r--p 00001000 00:1b37 4611686019099417844      /nix/store/gpxl5qgg8kicmcvivwmybwjlpf7wh20l-graalvm17-ce-22.3.0/bin/.java-wrapped
557575ed2000-557575ed3000 rw-p 00002000 00:1b37 4611686019099417844      /nix/store/gpxl5qgg8kicmcvivwmybwjlpf7wh20l-graalvm17-ce-22.3.0/bin/.java-wrapped
557575ed3000-557575ed4000 rw-p 00004000 00:1b37 4611686019099417844      /nix/store/gpxl5qgg8kicmcvivwmybwjlpf7wh20l-graalvm17-ce-22.3.0/bin/.java-wrapped
557575ed4000-557575ed5000 rw-p 00005000 00:1b37 4611686019099417844      /nix/store/gpxl5qgg8kicmcvivwmybwjlpf7wh20l-graalvm17-ce-22.3.0/bin/.java-wrapped
557577072000-5575770ba000 rw-p 00000000 00:00 0                          [heap]
7fc070000000-7fc07006b000 rw-p 00000000 00:00 0 
7fc07006b000-7fc074000000 ---p 00000000 00:00 0 
7fc0764b3000-7fc080000000 r--s 00000000 00:1b37 4611686019135192581      /nix/store/gpxl5qgg8kicmcvivwmybwjlpf7wh20l-graalvm17-ce-22.3.0/lib/modules
7fc080000000-7fc080102000 rw-p 00000000 00:00 0 
7fc080102000-7fc084000000 ---p 00000000 00:00 0 
7fc084000000-7fc084026000 rw-p 00000000 00:00 0 
7fc084026000-7fc088000000 ---p 00000000 00:00 0 
7fc088000000-7fc0880fb000 rw-p 00000000 00:00 0 
7fc0880fb000-7fc08c000000 ---p 00000000 00:00 0 
7fc08c000000-7fc08c16b000 rw-p 00000000 00:00 0 
7fc08c16b000-7fc090000000 ---p 00000000 00:00 0 
7fc090000000-7fc090021000 rw-p 00000000 00:00 0 
7fc090021000-7fc094000000 ---p 00000000 00:00 0 
7fc094000000-7fc094021000 rw-p 00000000 00:00 0 
7fc094021000-7fc098000000 ---p 00000000 00:00 0 
7fc098000000-7fc098353000 rw-p 00000000 00:00 0 
7fc098353000-7fc09c000000 ---p 00000000 00:00 0 
7fc09c000000-7fc09c060000 rw-p 00000000 00:00 0 
7fc09c060000-7fc0a0000000 ---p 00000000 00:00 0 
7fc0a0000000-7fc0a0021000 rw-p 00000000 00:00 0 
7fc0a0021000-7fc0a4000000 ---p 00000000 00:00 0 
7fc0a4000000-7fc0a4053000 rw-p 00000000 00:00 0 
7fc0a4053000-7fc0a8000000 ---p 00000000 00:00 0 
7fc0a8000000-7fc0a8021000 rw-p 00000000 00:00 0 
7fc0a8021000-7fc0ac000000 ---p 00000000 00:00 0 
7fc0ac000000-7fc0ac199000 rw-p 00000000 00:00 0 
7fc0ac199000-7fc0b0000000 ---p 00000000 00:00 0 
7fc0b0000000-7fc0b0025000 rw-p 00000000 00:00 0 
7fc0b0025000-7fc0b4000000 ---p 00000000 00:00 0 
7fc0b4000000-7fc0b48c2000 rw-p 00000000 00:00 0 
7fc0b48c2000-7fc0b8000000 ---p 00000000 00:00 0 
7fc0b8800000-7fc0b88c0000 rw-p 00000000 00:00 0 
7fc0b88c0000-7fc0b89e0000 rw-p 00000000 00:00 0 
7fc0b89e0000-7fc0b8a00000 ---p 00000000 00:00 0 
7fc0b8a00000-7fc0b9000000 rw-p 00000000 00:00 0 
7fc0b9000000-7fc0b9100000 rw-p 00000000 00:00 0 
7fc0b9100000-7fc0b9200000 rw-p 00000000 00:00 0 
7fc0b9200000-7fc0b9800000 rw-p 00000000 00:00 0 
7fc0b9800000-7fc0b9880000 rw-p 00000000 00:00 0 
7fc0b9880000-7fc0b9900000 rw-p 00000000 00:00 0 
7fc0b9900000-7fc0b9b00000 rw-p 00000000 00:00 0 
7fc0b9b00000-7fc0b9d00000 rw-p 00000000 00:00 0 
7fc0b9d00000-7fc0b9e00000 rw-p 00000000 00:00 0 
7fc0b9e00000-7fc0ba000000 rw-p 00000000 00:00 0 
7fc0ba000000-7fc0ba100000 rw-p 00000000 00:00 0 
7fc0ba100000-7fc0ba200000 rw-p 00000000 00:00 0 
7fc0ba200000-7fc0ba780000 rw-p 00000000 00:00 0 
7fc0ba780000-7fc0ba800000 rw-p 00000000 00:00 0 
7fc0ba800000-7fc0ba900000 rw-p 00000000 00:00 0 
7fc0ba900000-7fc0baa00000 rw-p 00000000 00:00 0 
7fc0baa00000-7fc0bad00000 rw-p 00000000 00:00 0 
7fc0bad00000-7fc0bae00000 rw-p 00000000 00:00 0 
7fc0bae00000-7fc0bb000000 rw-p 00000000 00:00 0 
7fc0bb000000-7fc0bb010000 r-xp 00000000 00:1b34 353                      /home/runner/.cache/jdt-language-server/config/org.eclipse.equinox.launcher/org.eclipse.equinox.launcher.gtk.linux.x86_64_1.2.400.v20211117-0650/eclipse_11600.so
7fc0bb010000-7fc0bb20f000 ---p 00010000 00:1b34 353                      /home/runner/.cache/jdt-language-server/config/org.eclipse.equinox.launcher/org.eclipse.equinox.launcher.gtk.linux.x86_64_1.2.400.v20211117-0650/eclipse_11600.so
7fc0bb20f000-7fc0bb210000 r--p 0000f000 00:1b34 353                      /home/runner/.cache/jdt-language-server/config/org.eclipse.equinox.launcher/org.eclipse.equinox.launcher.gtk.linux.x86_64_1.2.400.v20211117-0650/eclipse_11600.so
7fc0bb210000-7fc0bb211000 rw-p 00010000 00:1b34 353                      /home/runner/.cache/jdt-language-server/config/org.eclipse.equinox.launcher/org.eclipse.equinox.launcher.gtk.linux.x86_64_1.2.400.v20211117-0650/eclipse_11600.so
7fc0bb2b9000-7fc0bb900000 rw-p 00000000 00:00 0 
7fc0bba00000-7fc0bbb00000 rw-p 00000000 00:00 0 
7fc0bbc00000-7fc0bbd00000 rw-p 00000000 00:00 0 
7fc0bbe00000-7fc0bbf00000 rw-p 00000000 00:00 0 
7fc0bc000000-7fc0bc021000 rw-p 00000000 00:00 0 
7fc0bc021000-7fc0c0000000 ---p 00000000 00:00 0 
7fc0c0000000-7fc0c0021000 rw-p 00000000 00:00 0 
7fc0c0021000-7fc0c4000000 ---p 00000000 00:00 0 
7fc0c4000000-7fc0c4021000 rw-p 00000000 00:00 0 
7fc0c4021000-7fc0c8000000 ---p 00000000 00:00 0 
7fc0c8100000-7fc0c8200000 rw-p 00000000 00:00 0 
7fc0c8300000-7fc0c8400000 rw-p 00000000 00:00 0 
7fc0c8500000-7fc0c8600000 rw-p 00000000 00:00 0 
7fc0c8700000-7fc0c8800000 rw-p 00000000 00:00 0 
7fc0c8900000-7fc0c8a00000 ---p 00000000 00:00 0 
7fc0c8a00000-7fc0c8faf000 r--p 01122000 00:1b37 4611686019135190040      /nix/store/gpxl5qgg8kicmcvivwmybwjlpf7wh20l-graalvm17-ce-22.3.0/lib/libjvmcicompiler.so
7fc0c8faf000-7fc0c9100000 r--p 00000000 00:00 0 
7fc0c9100000-7fc0c913d000 rw-p 00000000 00:00 0 
7fc0c913d000-7fc0c965d000 rw-p 0185f000 00:1b37 4611686019135190040      /nix/store/gpxl5qgg8kicmcvivwmybwjlpf7wh20l-graalvm17-ce-22.3.0/lib/libjvmcicompiler.so
7fc0c965d000-7fc0c9a44000 r--p 01d7f000 00:1b37 4611686019135190040      /nix/store/gpxl5qgg8kicmcvivwmybwjlpf7wh20l-graalvm17-ce-22.3.0/lib/libjvmcicompiler.so
7fc0c9b00000-7fc0c9b04000 ---p 00000000 00:00 0 
7fc0c9b04000-7fc0c9c00000 rw-p 00000000 00:00 0 
7fc0c9d00000-7fc0c9d04000 ---p 00000000 00:00 0 
7fc0c9d04000-7fc0c9e00000 rw-p 00000000 00:00 0 
7fc0c9f00000-7fc0c9f04000 ---p 00000000 00:00 0 
7fc0c9f04000-7fc0ca000000 rw-p 00000000 00:00 0 
7fc0ca000000-7fc0ca004000 ---p 00000000 00:00 0 
7fc0ca004000-7fc0ca100000 rw-p 00000000 00:00 0 
7fc0ca100000-7fc0ca104000 ---p 00000000 00:00 0 
7fc0ca104000-7fc0ca200000 rw-p 00000000 00:00 0 
7fc0ca300000-7fc0ca304000 ---p 00000000 00:00 0 
7fc0ca304000-7fc0ca400000 rw-p 00000000 00:00 0 
7fc0ca500000-7fc0ca504000 ---p 00000000 00:00 0 
7fc0ca504000-7fc0ca600000 rw-p 00000000 00:00 0 
7fc0ca700000-7fc0ca704000 ---p 00000000 00:00 0 
7fc0ca704000-7fc0ca800000 rw-p 00000000 00:00 0 
7fc0ca900000-7fc0ca904000 ---p 00000000 00:00 0 
7fc0ca904000-7fc0caa00000 rw-p 00000000 00:00 0 
7fc0cab00000-7fc0cab04000 ---p 00000000 00:00 0 
7fc0cab04000-7fc0cac00000 rw-p 00000000 00:00 0 
7fc0cad00000-7fc0cad04000 ---p 00000000 00:00 0 
7fc0cad04000-7fc0caf00000 rw-p 00000000 00:00 0 
7fc0cb000000-7fc0cb100000 rw-p 00000000 00:00 0 
7fc0cb200000-7fc0cb300000 rw-p 00000000 00:00 0 
7fc0cb400000-7fc0cb500000 rw-p 00000000 00:00 0 
7fc0cb600000-7fc0cb700000 rw-p 00000000 00:00 0 
7fc0cb800000-7fc0cb900000 rw-p 00000000 00:00 0 
7fc0cba00000-7fc0cbb00000 rw-p 00000000 00:00 0 
7fc0cbc00000-7fc0cbd00000 rw-p 00000000 00:00 0 
7fc0cbe00000-7fc0cbf00000 rw-p 00000000 00:00 0 
7fc0cc000000-7fc0cc021000 rw-p 00000000 00:00 0 
7fc0cc021000-7fc0d0000000 ---p 00000000 00:00 0 
7fc0d0000000-7fc0d0021000 rw-p 00000000 00:00 0 
7fc0d0021000-7fc0d4000000 ---p 00000000 00:00 0 
7fc0d4000000-7fc0d4021000 rw-p 00000000 00:00 0 
7fc0d4021000-7fc0d8000000 ---p 00000000 00:00 0 
7fc0d8000000-7fc0d8021000 rw-p 00000000 00:00 0 
7fc0d8021000-7fc0dc000000 ---p 00000000 00:00 0 
7fc0dc000000-7fc0dc168000 rw-p 00000000 00:00 0 
7fc0dc168000-7fc0e0000000 ---p 00000000 00:00 0 
7fc0e0000000-7fc0e0b75000 rw-p 00000000 00:00 0 
7fc0e0b75000-7fc0e4000000 ---p 00000000 00:00 0 
7fc0e4000000-7fc0e4021000 rw-p 00000000 00:00 0 
7fc0e4021000-7fc0e8000000 ---p 00000000 00:00 0 
7fc0e8000000-7fc0e8021000 rw-p 00000000 00:00 0 
7fc0e8021000-7fc0ec000000 ---p 00000000 00:00 0 
7fc0ec000000-7fc0ec021000 rw-p 00000000 00:00 0 
7fc0ec021000-7fc0f0000000 ---p 00000000 00:00 0 
7fc0f0000000-7fc0f0021000 rw-p 00000000 00:00 0 
7fc0f0021000-7fc0f4000000 ---p 00000000 00:00 0 
7fc0f4000000-7fc0f4021000 rw-p 00000000 00:00 0 
7fc0f4021000-7fc0f8000000 ---p 00000000 00:00 0 
7fc0f8000000-7fc0f8021000 rw-p 00000000 00:00 0 
7fc0f8021000-7fc0fc000000 ---p 00000000 00:00 0 
7fc0fc000000-7fc0fc102000 rw-p 00000000 00:00 0 
7fc0fc102000-7fc100000000 ---p 00000000 00:00 0 
7fc100100000-7fc100104000 ---p 00000000 00:00 0 
7fc100104000-7fc100200000 rw-p 00000000 00:00 0 
7fc100300000-7fc100304000 ---p 00000000 00:00 0 
7fc100304000-7fc100400000 rw-p 00000000 00:00 0 
7fc100500000-7fc100504000 ---p 00000000 00:00 0 
7fc100504000-7fc100600000 rw-p 00000000 00:00 0 
7fc100700000-7fc100704000 ---p 00000000 00:00 0 
7fc100704000-7fc100800000 rw-p 00000000 00:00 0 
7fc100900000-7fc100904000 ---p 00000000 00:00 0 
7fc100904000-7fc100a00000 rw-p 00000000 00:00 0 
7fc100a00000-7fc102b6a000 r-xp 00000000 00:1b37 4611686019135190040      /nix/store/gpxl5qgg8kicmcvivwmybwjlpf7wh20l-graalvm17-ce-22.3.0/lib/libjvmcicompiler.so
7fc102b6a000-7fc102d69000 ---p 0216a000 00:1b37 4611686019135190040      /nix/store/gpxl5qgg8kicmcvivwmybwjlpf7wh20l-graalvm17-ce-22.3.0/lib/libjvmcicompiler.so
7fc102d69000-7fc102d6a000 r--p 02169000 00:1b37 4611686019135190040      /nix/store/gpxl5qgg8kicmcvivwmybwjlpf7wh20l-graalvm17-ce-22.3.0/lib/libjvmcicompiler.so
7fc102d6a000-7fc102d6c000 rw-p 0216a000 00:1b37 4611686019135190040      /nix/store/gpxl5qgg8kicmcvivwmybwjlpf7wh20l-graalvm17-ce-22.3.0/lib/libjvmcicompiler.so
7fc102d6c000-7fc102d6d000 rw-p 00000000 00:00 0 
7fc102d6d000-7fc102d72000 rw-p 023c3000 00:1b37 4611686019135190040      /nix/store/gpxl5qgg8kicmcvivwmybwjlpf7wh20l-graalvm17-ce-22.3.0/lib/libjvmcicompiler.so
7fc102db1000-7fc102db5000 ---p 00000000 00:00 0 
7fc102db5000-7fc102eb1000 rw-p 00000000 00:00 0 
7fc102eb1000-7fc102eb2000 ---p 00000000 00:00 0 
7fc102eb2000-7fc102fb3000 rw-p 00000000 00:00 0 
7fc102fb3000-7fc102fb7000 ---p 00000000 00:00 0 
7fc102fb7000-7fc1030b3000 rw-p 00000000 00:00 0 
7fc1030b3000-7fc1030b7000 ---p 00000000 00:00 0 
7fc1030b7000-7fc1031b3000 rw-p 00000000 00:00 0 
7fc1031b3000-7fc1031b7000 ---p 00000000 00:00 0 
7fc1031b7000-7fc1032b3000 rw-p 00000000 00:00 0 
7fc1032b3000-7fc1032b7000 ---p 00000000 00:00 0 
7fc1032b7000-7fc1034b3000 rw-p 00000000 00:00 0 
7fc1034b3000-7fc103723000 rwxp 00000000 00:00 0 
7fc103723000-7fc103a42000 ---p 00000000 00:00 0 
7fc103a42000-7fc104812000 rwxp 00000000 00:00 0 
7fc104812000-7fc10af7a000 ---p 00000000 00:00 0 
7fc10af7a000-7fc10b1ea000 rwxp 00000000 00:00 0 
7fc10b1ea000-7fc1124b3000 ---p 00000000 00:00 0 
7fc1124b3000-7fc11c000000 r--s 00000000 00:1b37 4611686019135192581      /nix/store/gpxl5qgg8kicmcvivwmybwjlpf7wh20l-graalvm17-ce-22.3.0/lib/modules
7fc11c000000-7fc11c601000 rw-p 00000000 00:00 0 
7fc11c601000-7fc120000000 ---p 00000000 00:00 0 
7fc120021000-7fc120023000 r-xp 00000000 00:1b37 4611686019135190017      /nix/store/gpxl5qgg8kicmcvivwmybwjlpf7wh20l-graalvm17-ce-22.3.0/lib/libextnet.so
7fc120023000-7fc120024000 r--p 00001000 00:1b37 4611686019135190017      /nix/store/gpxl5qgg8kicmcvivwmybwjlpf7wh20l-graalvm17-ce-22.3.0/lib/libextnet.so
7fc120024000-7fc120025000 rw-p 00002000 00:1b37 4611686019135190017      /nix/store/gpxl5qgg8kicmcvivwmybwjlpf7wh20l-graalvm17-ce-22.3.0/lib/libextnet.so
7fc120025000-7fc120026000 rw-p 00004000 00:1b37 4611686019135190017      /nix/store/gpxl5qgg8kicmcvivwmybwjlpf7wh20l-graalvm17-ce-22.3.0/lib/libextnet.so
7fc120026000-7fc12002a000 ---p 00000000 00:00 0 
7fc12002a000-7fc120048000 rw-p 00000000 00:00 0 
7fc120048000-7fc12004c000 ---p 00000000 00:00 0 
7fc12004c000-7fc120248000 rw-p 00000000 00:00 0 
7fc120248000-7fc12024c000 ---p 00000000 00:00 0 
7fc12024c000-7fc120348000 rw-p 00000000 00:00 0 
7fc120348000-7fc12034c000 ---p 00000000 00:00 0 
7fc12034c000-7fc120448000 rw-p 00000000 00:00 0 
7fc120448000-7fc12044c000 ---p 00000000 00:00 0 
7fc12044c000-7fc120548000 rw-p 00000000 00:00 0 
7fc120548000-7fc12082e000 r--p 00000000 00:1b26 28444448                 /usr/lib/locale/locale-archive
7fc12082e000-7fc120832000 ---p 00000000 00:00 0 
7fc120832000-7fc12092e000 rw-p 00000000 00:00 0 
7fc12092e000-7fc120932000 ---p 00000000 00:00 0 
7fc120932000-7fc120a2e000 rw-p 00000000 00:00 0 
7fc120a2e000-7fc120a2f000 ---p 00000000 00:00 0 
7fc120a2f000-7fc120b30000 rw-p 00000000 00:00 0 
7fc120b30000-7fc120bfe000 r-xp 00000000 00:1b37 4611686019135190036      /nix/store/gpxl5qgg8kicmcvivwmybwjlpf7wh20l-graalvm17-ce-22.3.0/lib/libjsvml.so
7fc120bfe000-7fc120bff000 r--p 000cd000 00:1b37 4611686019135190036      /nix/store/gpxl5qgg8kicmcvivwmybwjlpf7wh20l-graalvm17-ce-22.3.0/lib/libjsvml.so
7fc120bff000-7fc120c00000 rw-p 000ce000 00:1b37 4611686019135190036      /nix/store/gpxl5qgg8kicmcvivwmybwjlpf7wh20l-graalvm17-ce-22.3.0/lib/libjsvml.so
7fc120c00000-7fc121000000 rw-p 00000000 00:00 0 
7fc121000000-7fc121300000 rw-p 00000000 00:00 0 
7fc121300000-7fc121400000 rw-p 00000000 00:00 0 
7fc121401000-7fc121408000 r-xp 00000000 00:1b37 4611686019135192580      /nix/store/gpxl5qgg8kicmcvivwmybwjlpf7wh20l-graalvm17-ce-22.3.0/lib/libzip.so
7fc121408000-7fc121409000 ---p 00007000 00:1b37 4611686019135192580      /nix/store/gpxl5qgg8kicmcvivwmybwjlpf7wh20l-graalvm17-ce-22.3.0/lib/libzip.so
7fc121409000-7fc12140a000 r--p 00007000 00:1b37 4611686019135192580      /nix/store/gpxl5qgg8kicmcvivwmybwjlpf7wh20l-graalvm17-ce-22.3.0/lib/libzip.so
7fc12140a000-7fc12140b000 rw-p 00008000 00:1b37 4611686019135192580      /nix/store/gpxl5qgg8kicmcvivwmybwjlpf7wh20l-graalvm17-ce-22.3.0/lib/libzip.so
7fc12140b000-7fc12140d000 rw-p 0000b000 00:1b37 4611686019135192580      /nix/store/gpxl5qgg8kicmcvivwmybwjlpf7wh20l-graalvm17-ce-22.3.0/lib/libzip.so
7fc12140d000-7fc121422000 r-xp 00000000 00:1b37 4611686019135192570      /nix/store/gpxl5qgg8kicmcvivwmybwjlpf7wh20l-graalvm17-ce-22.3.0/lib/libnet.so
7fc121422000-7fc121423000 ---p 00015000 00:1b37 4611686019135192570      /nix/store/gpxl5qgg8kicmcvivwmybwjlpf7wh20l-graalvm17-ce-22.3.0/lib/libnet.so
7fc121423000-7fc121424000 r--p 00015000 00:1b37 4611686019135192570      /nix/store/gpxl5qgg8kicmcvivwmybwjlpf7wh20l-graalvm17-ce-22.3.0/lib/libnet.so
7fc121424000-7fc121425000 rw-p 00016000 00:1b37 4611686019135192570      /nix/store/gpxl5qgg8kicmcvivwmybwjlpf7wh20l-graalvm17-ce-22.3.0/lib/libnet.so
7fc121425000-7fc121428000 rw-p 0001b000 00:1b37 4611686019135192570      /nix/store/gpxl5qgg8kicmcvivwmybwjlpf7wh20l-graalvm17-ce-22.3.0/lib/libnet.so
7fc121428000-7fc12143b000 r-xp 00000000 00:1b37 4611686019135192571      /nix/store/gpxl5qgg8kicmcvivwmybwjlpf7wh20l-graalvm17-ce-22.3.0/lib/libnio.so
7fc12143b000-7fc12143c000 r--p 00012000 00:1b37 4611686019135192571      /nix/store/gpxl5qgg8kicmcvivwmybwjlpf7wh20l-graalvm17-ce-22.3.0/lib/libnio.so
7fc12143c000-7fc12143d000 rw-p 00013000 00:1b37 4611686019135192571      /nix/store/gpxl5qgg8kicmcvivwmybwjlpf7wh20l-graalvm17-ce-22.3.0/lib/libnio.so
7fc12143d000-7fc121442000 rw-p 00019000 00:1b37 4611686019135192571      /nix/store/gpxl5qgg8kicmcvivwmybwjlpf7wh20l-graalvm17-ce-22.3.0/lib/libnio.so
7fc121442000-7fc122d1a000 rw-p 00000000 00:00 0 
7fc122d1a000-7fc122d1b000 ---p 00000000 00:00 0 
7fc122d1b000-7fc122ec6000 rw-p 00000000 00:00 0 
7fc122ec6000-7fc122ee6000 rw-p 00000000 00:00 0 
7fc122ee6000-7fc122f1c000 ---p 00000000 00:00 0 
7fc122f1c000-7fc122f22000 rw-p 00000000 00:00 0 
7fc122f22000-7fc123008000 ---p 00000000 00:00 0 
7fc123008000-7fc123024000 rw-p 00000000 00:00 0 
7fc123024000-7fc1230f3000 ---p 00000000 00:00 0 
7fc1230f3000-7fc1230f8000 rw-p 00000000 00:00 0 
7fc1230f8000-7fc1230ff000 ---p 00000000 00:00 0 
7fc1230ff000-7fc123123000 r-xp 00000000 00:1b37 4611686019135190028      /nix/store/gpxl5qgg8kicmcvivwmybwjlpf7wh20l-graalvm17-ce-22.3.0/lib/libjava.so
7fc123123000-7fc123124000 ---p 00024000 00:1b37 4611686019135190028      /nix/store/gpxl5qgg8kicmcvivwmybwjlpf7wh20l-graalvm17-ce-22.3.0/lib/libjava.so
7fc123124000-7fc123125000 r--p 00024000 00:1b37 4611686019135190028      /nix/store/gpxl5qgg8kicmcvivwmybwjlpf7wh20l-graalvm17-ce-22.3.0/lib/libjava.so
7fc123125000-7fc123126000 rw-p 00025000 00:1b37 4611686019135190028      /nix/store/gpxl5qgg8kicmcvivwmybwjlpf7wh20l-graalvm17-ce-22.3.0/lib/libjava.so
7fc123126000-7fc123127000 rw-p 00000000 00:00 0 
7fc123127000-7fc12312e000 rw-p 0002f000 00:1b37 4611686019135190028      /nix/store/gpxl5qgg8kicmcvivwmybwjlpf7wh20l-graalvm17-ce-22.3.0/lib/libjava.so
7fc12312e000-7fc123136000 rw-s 00000000 00:b21 350                       /tmp/hsperfdata_runner/22
7fc123136000-7fc123137000 ---p 00000000 00:00 0 
7fc123137000-7fc123138000 r--p 00000000 00:00 0 
7fc123138000-7fc123139000 rwxp 00000000 00:00 0 
7fc123139000-7fc123154000 r-xp 00000000 00:1b37 4611686019135190032      /nix/store/gpxl5qgg8kicmcvivwmybwjlpf7wh20l-graalvm17-ce-22.3.0/lib/libjimage.so
7fc123154000-7fc123155000 ---p 0001b000 00:1b37 4611686019135190032      /nix/store/gpxl5qgg8kicmcvivwmybwjlpf7wh20l-graalvm17-ce-22.3.0/lib/libjimage.so
7fc123155000-7fc123157000 r--p 0001b000 00:1b37 4611686019135190032      /nix/store/gpxl5qgg8kicmcvivwmybwjlpf7wh20l-graalvm17-ce-22.3.0/lib/libjimage.so
7fc123157000-7fc123158000 rw-p 0001d000 00:1b37 4611686019135190032      /nix/store/gpxl5qgg8kicmcvivwmybwjlpf7wh20l-graalvm17-ce-22.3.0/lib/libjimage.so
7fc123158000-7fc123159000 rw-p 00024000 00:1b37 4611686019135190032      /nix/store/gpxl5qgg8kicmcvivwmybwjlpf7wh20l-graalvm17-ce-22.3.0/lib/libjimage.so
7fc123159000-7fc12315d000 ---p 00000000 00:00 0 
7fc12315d000-7fc123259000 rw-p 00000000 00:00 0 
7fc123259000-7fc123267000 r--p 00000000 00:1b37 4611686019027979927      /nix/store/4nlgxhb09sdr51nc9hdm8az5b08vzkgx-glibc-2.35-163/lib/libm.so.6
7fc123267000-7fc1232da000 r-xp 0000e000 00:1b37 4611686019027979927      /nix/store/4nlgxhb09sdr51nc9hdm8az5b08vzkgx-glibc-2.35-163/lib/libm.so.6
7fc1232da000-7fc123337000 r--p 00081000 00:1b37 4611686019027979927      /nix/store/4nlgxhb09sdr51nc9hdm8az5b08vzkgx-glibc-2.35-163/lib/libm.so.6
7fc123337000-7fc123338000 r--p 000dd000 00:1b37 4611686019027979927      /nix/store/4nlgxhb09sdr51nc9hdm8az5b08vzkgx-glibc-2.35-163/lib/libm.so.6
7fc123338000-7fc123339000 rw-p 000de000 00:1b37 4611686019027979927      /nix/store/4nlgxhb09sdr51nc9hdm8az5b08vzkgx-glibc-2.35-163/lib/libm.so.6
7fc123339000-7fc12333a000 r--p 00000000 00:1b37 4611686019027979946      /nix/store/4nlgxhb09sdr51nc9hdm8az5b08vzkgx-glibc-2.35-163/lib/librt.so.1
7fc12333a000-7fc12333b000 r-xp 00001000 00:1b37 4611686019027979946      /nix/store/4nlgxhb09sdr51nc9hdm8az5b08vzkgx-glibc-2.35-163/lib/librt.so.1
7fc12333b000-7fc12333c000 r--p 00002000 00:1b37 4611686019027979946      /nix/store/4nlgxhb09sdr51nc9hdm8az5b08vzkgx-glibc-2.35-163/lib/librt.so.1
7fc12333c000-7fc12333d000 r--p 00002000 00:1b37 4611686019027979946      /nix/store/4nlgxhb09sdr51nc9hdm8az5b08vzkgx-glibc-2.35-163/lib/librt.so.1
7fc12333d000-7fc12333e000 rw-p 00003000 00:1b37 4611686019027979946      /nix/store/4nlgxhb09sdr51nc9hdm8az5b08vzkgx-glibc-2.35-163/lib/librt.so.1
7fc12333e000-7fc124451000 r-xp 00000000 00:1b37 4611686019135360866      /nix/store/gpxl5qgg8kicmcvivwmybwjlpf7wh20l-graalvm17-ce-22.3.0/lib/server/libjvm.so
7fc124451000-7fc124452000 ---p 01113000 00:1b37 4611686019135360866      /nix/store/gpxl5qgg8kicmcvivwmybwjlpf7wh20l-graalvm17-ce-22.3.0/lib/server/libjvm.so
7fc124452000-7fc124507000 r--p 01113000 00:1b37 4611686019135360866      /nix/store/gpxl5qgg8kicmcvivwmybwjlpf7wh20l-graalvm17-ce-22.3.0/lib/server/libjvm.so
7fc124507000-7fc12453b000 rw-p 011c8000 00:1b37 4611686019135360866      /nix/store/gpxl5qgg8kicmcvivwmybwjlpf7wh20l-graalvm17-ce-22.3.0/lib/server/libjvm.so
7fc12453b000-7fc124597000 rw-p 00000000 00:00 0 
7fc124597000-7fc1245bf000 r--p 00000000 00:1b37 4611686019027979918      /nix/store/4nlgxhb09sdr51nc9hdm8az5b08vzkgx-glibc-2.35-163/lib/libc.so.6
7fc1245bf000-7fc124735000 r-xp 00028000 00:1b37 4611686019027979918      /nix/store/4nlgxhb09sdr51nc9hdm8az5b08vzkgx-glibc-2.35-163/lib/libc.so.6
7fc124735000-7fc12478d000 r--p 0019e000 00:1b37 4611686019027979918      /nix/store/4nlgxhb09sdr51nc9hdm8az5b08vzkgx-glibc-2.35-163/lib/libc.so.6
7fc12478d000-7fc124791000 r--p 001f6000 00:1b37 4611686019027979918      /nix/store/4nlgxhb09sdr51nc9hdm8az5b08vzkgx-glibc-2.35-163/lib/libc.so.6
7fc124791000-7fc124793000 rw-p 001fa000 00:1b37 4611686019027979918      /nix/store/4nlgxhb09sdr51nc9hdm8az5b08vzkgx-glibc-2.35-163/lib/libc.so.6
7fc124793000-7fc1247a2000 rw-p 00000000 00:00 0 
7fc1247a2000-7fc1247a3000 r--p 00000000 00:1b37 4611686019027979923      /nix/store/4nlgxhb09sdr51nc9hdm8az5b08vzkgx-glibc-2.35-163/lib/libdl.so.2
7fc1247a3000-7fc1247a4000 r-xp 00001000 00:1b37 4611686019027979923      /nix/store/4nlgxhb09sdr51nc9hdm8az5b08vzkgx-glibc-2.35-163/lib/libdl.so.2
7fc1247a4000-7fc1247a5000 r--p 00002000 00:1b37 4611686019027979923      /nix/store/4nlgxhb09sdr51nc9hdm8az5b08vzkgx-glibc-2.35-163/lib/libdl.so.2
7fc1247a5000-7fc1247a6000 r--p 00002000 00:1b37 4611686019027979923      /nix/store/4nlgxhb09sdr51nc9hdm8az5b08vzkgx-glibc-2.35-163/lib/libdl.so.2
7fc1247a6000-7fc1247a7000 rw-p 00003000 00:1b37 4611686019027979923      /nix/store/4nlgxhb09sdr51nc9hdm8az5b08vzkgx-glibc-2.35-163/lib/libdl.so.2
7fc1247a7000-7fc1247a8000 r--p 00000000 00:1b37 4611686019027979942      /nix/store/4nlgxhb09sdr51nc9hdm8az5b08vzkgx-glibc-2.35-163/lib/libpthread.so.0
7fc1247a8000-7fc1247a9000 r-xp 00001000 00:1b37 4611686019027979942      /nix/store/4nlgxhb09sdr51nc9hdm8az5b08vzkgx-glibc-2.35-163/lib/libpthread.so.0
7fc1247a9000-7fc1247aa000 r--p 00002000 00:1b37 4611686019027979942      /nix/store/4nlgxhb09sdr51nc9hdm8az5b08vzkgx-glibc-2.35-163/lib/libpthread.so.0
7fc1247aa000-7fc1247ab000 r--p 00002000 00:1b37 4611686019027979942      /nix/store/4nlgxhb09sdr51nc9hdm8az5b08vzkgx-glibc-2.35-163/lib/libpthread.so.0
7fc1247ab000-7fc1247ac000 rw-p 00003000 00:1b37 4611686019027979942      /nix/store/4nlgxhb09sdr51nc9hdm8az5b08vzkgx-glibc-2.35-163/lib/libpthread.so.0
7fc1247ac000-7fc1247ba000 r-xp 00000000 00:1b37 4611686019135190033      /nix/store/gpxl5qgg8kicmcvivwmybwjlpf7wh20l-graalvm17-ce-22.3.0/lib/libjli.so
7fc1247ba000-7fc1247bb000 ---p 0000e000 00:1b37 4611686019135190033      /nix/store/gpxl5qgg8kicmcvivwmybwjlpf7wh20l-graalvm17-ce-22.3.0/lib/libjli.so
7fc1247bb000-7fc1247bc000 r--p 0000e000 00:1b37 4611686019135190033      /nix/store/gpxl5qgg8kicmcvivwmybwjlpf7wh20l-graalvm17-ce-22.3.0/lib/libjli.so
7fc1247bc000-7fc1247bd000 rw-p 0000f000 00:1b37 4611686019135190033      /nix/store/gpxl5qgg8kicmcvivwmybwjlpf7wh20l-graalvm17-ce-22.3.0/lib/libjli.so
7fc1247bd000-7fc1247be000 rw-p 00012000 00:1b37 4611686019135190033      /nix/store/gpxl5qgg8kicmcvivwmybwjlpf7wh20l-graalvm17-ce-22.3.0/lib/libjli.so
7fc1247be000-7fc1247c1000 r--p 00000000 00:1b37 4611686019106210071      /nix/store/026hln0aq1hyshaxsdvhg0kmcm6yf45r-zlib-1.2.13/lib/libz.so.1.2.13
7fc1247c1000-7fc1247d3000 r-xp 00003000 00:1b37 4611686019106210071      /nix/store/026hln0aq1hyshaxsdvhg0kmcm6yf45r-zlib-1.2.13/lib/libz.so.1.2.13
7fc1247d3000-7fc1247da000 r--p 00015000 00:1b37 4611686019106210071      /nix/store/026hln0aq1hyshaxsdvhg0kmcm6yf45r-zlib-1.2.13/lib/libz.so.1.2.13
7fc1247da000-7fc1247db000 r--p 0001b000 00:1b37 4611686019106210071      /nix/store/026hln0aq1hyshaxsdvhg0kmcm6yf45r-zlib-1.2.13/lib/libz.so.1.2.13
7fc1247db000-7fc1247dc000 rw-p 0001c000 00:1b37 4611686019106210071      /nix/store/026hln0aq1hyshaxsdvhg0kmcm6yf45r-zlib-1.2.13/lib/libz.so.1.2.13
7fc1247dc000-7fc1247de000 rw-p 00000000 00:00 0 
7fc1247de000-7fc1247e0000 r--p 00000000 00:1b37 4611686019027979912      /nix/store/4nlgxhb09sdr51nc9hdm8az5b08vzkgx-glibc-2.35-163/lib/ld-linux-x86-64.so.2
7fc1247e0000-7fc124807000 r-xp 00002000 00:1b37 4611686019027979912      /nix/store/4nlgxhb09sdr51nc9hdm8az5b08vzkgx-glibc-2.35-163/lib/ld-linux-x86-64.so.2
7fc124807000-7fc124813000 r--p 00029000 00:1b37 4611686019027979912      /nix/store/4nlgxhb09sdr51nc9hdm8az5b08vzkgx-glibc-2.35-163/lib/ld-linux-x86-64.so.2
7fc124813000-7fc124815000 r--p 00034000 00:1b37 4611686019027979912      /nix/store/4nlgxhb09sdr51nc9hdm8az5b08vzkgx-glibc-2.35-163/lib/ld-linux-x86-64.so.2
7fc124815000-7fc124817000 rw-p 00036000 00:1b37 4611686019027979912      /nix/store/4nlgxhb09sdr51nc9hdm8az5b08vzkgx-glibc-2.35-163/lib/ld-linux-x86-64.so.2
7ffdcda86000-7ffdcdaaa000 rw-p 00000000 00:00 0                          [stack]
7ffdcdac4000-7ffdcdac8000 r--p 00000000 00:00 0                          [vvar]
7ffdcdac8000-7ffdcdaca000 r-xp 00000000 00:00 0                          [vdso]
ffffffffff600000-ffffffffff601000 --xp 00000000 00:00 0                  [vsyscall]


VM Arguments:
jvm_args: -XX:ThreadPriorityPolicy=1 -XX:+UnlockExperimentalVMOptions -XX:+EnableJVMCIProduct -XX:JVMCIThreadsPerNativeLibraryRuntime=1 -XX:-UnlockExperimentalVMOptions -Declipse.application=org.eclipse.jdt.ls.core.id1 -Dosgi.bundles.defaultStartLevel=4 -Declipse.product=org.eclipse.jdt.ls.core.product -Dlog.level=ALL -Xverify:none -XX:+UseParallelGC -XX:GCTimeRatio=4 -XX:AdaptiveSizePolicyWeight=90 -Dsun.zip.disableMemoryMapping=true -Xmx512m -Xms100m 
java_command: /nix/store/m6gcpi1ii6rghy04cjwjddcavv7i90df-jdt-language-server-1.9.0/share/java/plugins/org.eclipse.equinox.launcher_1.6.400.v20210924-0641.jar --add-modules=ALL-SYSTEM --add-opens java.base/java.util=ALL-UNNAMED --add-opens java.base/java.lang=ALL-UNNAMED -configuration /home/runner/.cache/jdt-language-server/config -data /home/runner/.cache/jdt-language-server/data/home/runner/HelloJava
java_class_path (initial): /nix/store/m6gcpi1ii6rghy04cjwjddcavv7i90df-jdt-language-server-1.9.0/share/java/plugins/org.eclipse.equinox.launcher_1.6.400.v20210924-0641.jar
Launcher Type: SUN_STANDARD

[Global flags]
    uintx AdaptiveSizePolicyWeight                 = 90                                        {product} {command line}
     intx CICompilerCount                          = 2                                         {product} {ergonomic}
     bool EnableJVMCIProduct                       = true                                {JVMCI product} {jimage}
    uintx GCTimeRatio                              = 4                                         {product} {command line}
   size_t InitialHeapSize                          = 104857600                                 {product} {command line}
     uint JVMCIThreadsPerNativeLibraryRuntime      = 1                                   {JVMCI product} {jimage}
   size_t MaxHeapSize                              = 536870912                                 {product} {command line}
   size_t MaxNewSize                               = 178782208                                 {product} {ergonomic}
   size_t MinHeapDeltaBytes                        = 524288                                    {product} {ergonomic}
   size_t MinHeapSize                              = 104857600                                 {product} {command line}
   size_t NewSize                                  = 34603008                                  {product} {ergonomic}
    uintx NonNMethodCodeHeapSize                   = 5826188                                {pd product} {ergonomic}
    uintx NonProfiledCodeHeapSize                  = 122916026                              {pd product} {ergonomic}
   size_t OldSize                                  = 70254592                                  {product} {ergonomic}
    uintx ProfiledCodeHeapSize                     = 122916026                              {pd product} {ergonomic}
    uintx ReservedCodeCacheSize                    = 251658240                              {pd product} {ergonomic}
     bool SegmentedCodeCache                       = true                                      {product} {ergonomic}
   size_t SoftMaxHeapSize                          = 536870912                              {manageable} {ergonomic}
     intx ThreadPriorityPolicy                     = 1                                         {product} {jimage}
     bool UseCompressedClassPointers               = true                           {product lp64_product} {ergonomic}
     bool UseCompressedOops                        = true                           {product lp64_product} {ergonomic}
     bool UseParallelGC                            = true                                      {product} {command line}

Logging:
Log output configuration:
 #0: stdout all=warning uptime,level,tags
 #1: stderr all=off uptime,level,tags

Environment Variables:
JAVA_HOME=/nix/store/gpxl5qgg8kicmcvivwmybwjlpf7wh20l-graalvm17-ce-22.3.0
PATH=/nix/store/1d6ian3r8kdzspw8hacjhl3xkp40g1lj-binutils-wrapper-2.39/bin:/nix/store/dq0xwmsk1g0i2ayg6pb7y87na2knzylh-gcc-wrapper-11.3.0/bin:/nix/store/bap4d0lpcrhpwmpb8ayjcgkmvfj62lnq-bash-interactive-5.1-p16/bin:/nix/store/pr5n59mb4jzmfx6kanwxly0l07p861fg-patchelf-0.15.0/bin:/nix/store/1gf2flfqnpqbr1b4p4qz2f72y42bs56r-gcc-11.3.0/bin:/nix/store/57xv61c5zi8pphjbcwxxjlgc34p61ic9-glibc-2.35-163-bin/bin:/nix/store/a7gvj343m05j2s32xcnwr35v31ynlypr-coreutils-9.1/bin:/nix/store/039g378vc3pc3dvi9dzdlrd0i4q93qwf-binutils-2.39/bin:/nix/store/gpxl5qgg8kicmcvivwmybwjlpf7wh20l-graalvm17-ce-22.3.0/bin:/nix/store/6z9ag3ihc8mq2hzsw48lhbznvzny65nz-apache-maven-3.8.6/bin:/nix/store/m6gcpi1ii6rghy04cjwjddcavv7i90df-jdt-language-server-1.9.0/bin:/nix/store/84xs5alhs01zrbr4ywm05kxbjbp5590l-java-debug/bin:/nix/store/mydc6f4k2z73xlcz7ilif3v2lcaiqvza-findutils-4.9.0/bin:/nix/store/j9p3g8472iijd50vhdprx0nmk2fqn5gv-diffutils-3.8/bin:/nix/store/89zs7rms6x00xfq4dq6m7mjnhkr8a6r4-gnused-4.8/bin:/nix/store/86bp03jkmsl6f92w0yzg4s59g5mhxwmy-gnugrep-3.7/bin:/nix/store/hwcdqw4jrjnd37wxqgsd47hd0j8bnj09-gawk-5.1.1/bin:/nix/store/cfbhw8r8ags41vwqaz47r583d0p4h4a1-gnutar-1.34/bin:/nix/store/p3m1ndl1lapwrlh698bnb5lvvxh67378-gzip-1.12/bin:/nix/store/a8mhcagrsly7c7mpjrpsnaahk4aax056-bzip2-1.0.8-bin/bin:/nix/store/mblgz65m3zv9x548a3d5m96fj2pbwr09-gnumake-4.3/bin:/nix/store/dsd5gz46hdbdk2rfdimqddhq6m8m8fqs-bash-5.1-p16/bin:/nix/store/v7ljksji50mg3w61dykaa3n3y79n6nil-patch-2.7.6/bin:/nix/store/zlcnmqq14jz5x9439jf937mvayyl63da-xz-5.2.7-bin/bin:/nix/store/y6aj732zm9m87c82fpvf103a1xb22blp-file-5.43/bin:/nix/store/sgqd0ajghcv2axfl1lad0b1alyavp0dc-prybar-elisp-0.0.0-67f7a00/bin:/nix/store/p3hsvljpgs68jqwar41lc0jqhjj734lf-prybar-lua-0.0.0-67f7a00/bin:/nix/store/qzxs2gybds3s9kb1vkaflpgm2nwr85fh-prybar-python3-0.0.0-67f7a00/bin:/nix/store/km94z9mxp8w4m8gxxp5mbfpdf3nkfvd8-prybar-sqlite-0.0.0-67f7a00/bin:/nix/store/2pnc7b76asw0z59c4l6h6qy8arwqrii1-prybar-tcl-0.0.0-67f7a00/bin:/nix/store/hpbvrlwd5viqmvcaisb3x0118i913a9n-st
LD_LIBRARY_PATH=/nix/store/a4pff549sk2idnkpzk5nsfps3mdkdnvm-cups-2.4.2-lib/lib:/nix/store/72mqxxhh3cy5yifh92wh2yb8cl2hikyy-cairo-1.16.0/lib:/nix/store/2k366jrbsra97gjfxwvrhvixjfxdach5-glib-2.74.1/lib:/nix/store/2j2znigd8ak37rlwh9khz0ry3clqlw1l-gtk+3-3.24.34/lib:/nix/store/hisqvx32cd57apbpcsnkpx6k3549wql1-libglvnd-1.4.0/lib:/nix/store/p36pgcv991mq5srvg765b78yqpxvk3qs-mesa-21.3.3-drivers/lib:/nix/store/mav4251if1ahjq5vkpwycyyvnmy459c4-pulseaudio-14.2/lib
DISPLAY=:0
LANG=en_US.UTF-8

Signal Handlers:
   SIGSEGV: crash_handler in libjvm.so, mask=11100100010111111101111111111110, flags=SA_RESTART|SA_SIGINFO
    SIGBUS: crash_handler in libjvm.so, mask=11100100010111111101111111111110, flags=SA_RESTART|SA_SIGINFO
    SIGFPE: crash_handler in libjvm.so, mask=11100100010111111101111111111110, flags=SA_RESTART|SA_SIGINFO
   SIGPIPE: IsolateEnterStub_IgnoreSIGPIPEStartupHook_noopSignalHandler_8f19bff2f35b5f630d83b364d6b2339320d4ec70_216e8361c6bc87a8f89f58cc10d3b2fd4415bf87 in libjvmcicompiler.so, mask=00000000000000000000000000000000, flags=SA_RESTART
  *** Handler was modified!
  *** Expected: javaSignalHandler in libjvm.so, mask=11100100110111111111111111111110, flags=SA_RESTART|SA_SIGINFO
   SIGXFSZ: javaSignalHandler in libjvm.so, mask=11100100010111111101111111111110, flags=SA_RESTART|SA_SIGINFO
    SIGILL: crash_handler in libjvm.so, mask=11100100010111111101111111111110, flags=SA_RESTART|SA_SIGINFO
   SIGUSR2: SR_handler in libjvm.so, mask=00000000000000000000000000000000, flags=SA_RESTART|SA_SIGINFO
    SIGHUP: UserHandler in libjvm.so, mask=11100100010111111101111111111110, flags=SA_RESTART|SA_SIGINFO
    SIGINT: UserHandler in libjvm.so, mask=11100100010111111101111111111110, flags=SA_RESTART|SA_SIGINFO
   SIGTERM: UserHandler in libjvm.so, mask=11100100010111111101111111111110, flags=SA_RESTART|SA_SIGINFO
   SIGQUIT: UserHandler in libjvm.so, mask=11100100010111111101111111111110, flags=SA_RESTART|SA_SIGINFO
  *** Handler was modified!
  *** Expected: javaSignalHandler in libjvm.so, mask=11100100110111111111111111111110, flags=SA_RESTART|SA_SIGINFO
   SIGTRAP: crash_handler in libjvm.so, mask=11100100010111111101111111111110, flags=SA_RESTART|SA_SIGINFO


---------------  S Y S T E M  ---------------

OS:
DISTRIB_ID=Ubuntu
DISTRIB_RELEASE=20.04
DISTRIB_CODENAME=focal
DISTRIB_DESCRIPTION="Ubuntu 20.04.2 LTS"
uname: Linux 5.15.0-1029-gcp #36~20.04.1-Ubuntu SMP Tue Jan 24 16:54:15 UTC 2023 x86_64
OS uptime: 0 days 17:02 hours
libc: glibc 2.35 NPTL 2.35 
rlimit (soft/hard): STACK 8192k/infinity , CORE infinity/infinity , NPROC infinity/infinity , NOFILE 5242/5242 , AS infinity/infinity , CPU infinity/infinity , DATA infinity/infinity , FSIZE infinity/infinity , MEMLOCK 64k/64k
load average: 11.49 15.44 14.30

/proc/meminfo:
MemTotal:       65852724 kB
MemFree:        20448712 kB
MemAvailable:   45590700 kB
Buffers:         3104436 kB
Cached:         19720180 kB
SwapCached:            0 kB
Active:         12108992 kB
Inactive:       27455384 kB
Active(anon):      13360 kB
Inactive(anon): 16342528 kB
Active(file):   12095632 kB
Inactive(file): 11112856 kB
Unevictable:       42912 kB
Mlocked:           42912 kB
SwapTotal:             0 kB
SwapFree:              0 kB
Dirty:              2620 kB
Writeback:             0 kB
AnonPages:      15282004 kB
Mapped:          1477916 kB
Shmem:             40736 kB
KReclaimable:    2660100 kB
Slab:            4865864 kB
SReclaimable:    2660100 kB
SUnreclaim:      2205764 kB
KernelStack:      387344 kB
PageTables:       152120 kB
NFS_Unstable:          0 kB
Bounce:                0 kB
WritebackTmp:          0 kB
CommitLimit:    32926360 kB
Committed_AS:   61980932 kB
VmallocTotal:   34359738367 kB
VmallocUsed:      436480 kB
VmallocChunk:          0 kB
Percpu:            80864 kB
HardwareCorrupted:     0 kB
AnonHugePages:   1783808 kB
ShmemHugePages:        0 kB
ShmemPmdMapped:        0 kB
FileHugePages:         0 kB
FilePmdMapped:         0 kB
HugePages_Total:       0
HugePages_Free:        0
HugePages_Rsvd:        0
HugePages_Surp:        0
Hugepagesize:       2048 kB
Hugetlb:               0 kB
DirectMap4k:     5829440 kB
DirectMap2M:    51838976 kB
DirectMap1G:    11534336 kB

/sys/kernel/mm/transparent_hugepage/enabled: always [madvise] never
/sys/kernel/mm/transparent_hugepage/defrag (defrag/compaction efforts parameter): always defer defer+madvise [madvise] never

Process Memory:
Virtual Size: 4463704K (peak: 4532028K)
Resident Set Size: 757968K (peak: 764388K) (anon: 554256K, file: 203712K, shmem: 0K)
Swapped out: 0K
C-Heap outstanding allocations: 40303K, retained: 10172K
glibc malloc tunables: (default)

/proc/sys/kernel/threads-max (system-wide limit on the number of threads): 514406
/proc/sys/vm/max_map_count (maximum number of memory map areas a process may have): 65530
/proc/sys/kernel/pid_max (system-wide limit on number of process identifiers): 4194304

container (cgroup) information:
container_type: cgroupv1
cpu_cpuset_cpus: 2-7
cpu_memory_nodes: 0
active_processor_count: 1
cpu_quota: 50000
cpu_period: 100000
cpu_shares: 512
memory_limit_in_bytes: 1048576 k
memory_and_swap_limit_in_bytes: 1048576 k
memory_soft_limit_in_bytes: 524288 k
memory_usage_in_bytes: 599280 k
memory_max_usage_in_bytes: 644484 k
maximum number of tasks: 1000
current number of tasks: 47

KVM virtualization detected
Steal ticks since vm start: 0
Steal ticks percentage since vm start:  0.000

CPU: total 8 (initial active 1) (8 cores per cpu, 2 threads per core) family 23 model 49 stepping 0 microcode 0xffffffff, cx8, cmov, fxsr, ht, mmx, 3dnowpref, sse, sse2, sse3, ssse3, sse4a, sse4.1, sse4.2, popcnt, lzcnt, tsc, tscinvbit, avx, avx2, aes, clmul, bmi1, bmi2, adx, sha, fma, vzeroupper, clflush, clflushopt, hv
CPU Model and flags from /proc/cpuinfo:
model name	: AMD EPYC 7B12
flags		: fpu vme de pse tsc msr pae mce cx8 apic sep mtrr pge mca cmov pat pse36 clflush mmx fxsr sse sse2 ht syscall nx mmxext fxsr_opt pdpe1gb rdtscp lm constant_tsc rep_good nopl nonstop_tsc cpuid extd_apicid tsc_known_freq pni pclmulqdq ssse3 fma cx16 sse4_1 sse4_2 movbe popcnt aes xsave avx f16c rdrand hypervisor lahf_lm cmp_legacy cr8_legacy abm sse4a misalignsse 3dnowprefetch osvw topoext ssbd ibrs ibpb stibp vmmcall fsgsbase tsc_adjust bmi1 avx2 smep bmi2 rdseed adx smap clflushopt clwb sha_ni xsaveopt xsavec xgetbv1 clzero xsaveerptr arat npt nrip_save umip rdpid

Online cpus: 0-7
Offline cpus: 
BIOS frequency limitation: <Not Available>
Frequency switch latency (ns): <Not Available>
Available cpu frequencies: <Not Available>
Current governor: <Not Available>
Core performance/turbo boost: <Not Available>

Memory: 4k page, physical 1048576k(449296k free), swap 0k(0k free)
Page Sizes: 4k

vm_info: OpenJDK 64-Bit Server VM (17.0.5+8-jvmci-22.3-b08) for linux-amd64 JRE (17.0.5+8-jvmci-22.3-b08), built on Oct 19 2022 09:01:27 by "buildslave" with gcc 10.3.0

END.
